INFO - 2024-02-16 13:46:47 --> Session: Class initialized using 'CodeIgniter\Session\Handlers\FileHandler' driver.
INFO - 2024-02-16 14:02:32 --> Session: Class initialized using 'CodeIgniter\Session\Handlers\FileHandler' driver.
INFO - 2024-02-16 14:02:33 --> Session: Class initialized using 'CodeIgniter\Session\Handlers\FileHandler' driver.
INFO - 2024-02-16 14:02:49 --> Session: Class initialized using 'CodeIgniter\Session\Handlers\FileHandler' driver.
INFO - 2024-02-16 14:02:50 --> Session: Class initialized using 'CodeIgniter\Session\Handlers\FileHandler' driver.
INFO - 2024-02-16 14:02:57 --> Session: Class initialized using 'CodeIgniter\Session\Handlers\FileHandler' driver.
INFO - 2024-02-16 14:02:58 --> Session: Class initialized using 'CodeIgniter\Session\Handlers\FileHandler' driver.
INFO - 2024-02-16 14:03:22 --> Session: Class initialized using 'CodeIgniter\Session\Handlers\FileHandler' driver.
INFO - 2024-02-16 14:03:32 --> Session: Class initialized using 'CodeIgniter\Session\Handlers\FileHandler' driver.
INFO - 2024-02-16 14:03:42 --> Session: Class initialized using 'CodeIgniter\Session\Handlers\FileHandler' driver.
INFO - 2024-02-16 14:03:50 --> Session: Class initialized using 'CodeIgniter\Session\Handlers\FileHandler' driver.
INFO - 2024-02-16 14:03:57 --> Session: Class initialized using 'CodeIgniter\Session\Handlers\FileHandler' driver.
INFO - 2024-02-16 14:11:47 --> Session: Class initialized using 'CodeIgniter\Session\Handlers\FileHandler' driver.
INFO - 2024-02-16 14:11:54 --> Session: Class initialized using 'CodeIgniter\Session\Handlers\FileHandler' driver.
CRITICAL - 2024-02-16 14:11:54 --> BadMethodCallException: Call to undefined method App\Models\BookingModel::getbookingData
in SYSTEMPATH\Model.php on line 874.
 1 APPPATH\Controllers\Laporan.php(65): CodeIgniter\Model->__call('getbookingData', [])
 2 SYSTEMPATH\CodeIgniter.php(941): App\Controllers\Laporan->index()
 3 SYSTEMPATH\CodeIgniter.php(502): CodeIgniter\CodeIgniter->runController(Object(App\Controllers\Laporan))
 4 SYSTEMPATH\CodeIgniter.php(361): CodeIgniter\CodeIgniter->handleRequest(null, Object(Config\Cache), false)
 5 FCPATH\index.php(79): CodeIgniter\CodeIgniter->run()
 6 SYSTEMPATH\Commands\Server\rewrite.php(47): require_once('D:\\xampp\\htdocs\\spamassage\\public\\index.php')
INFO - 2024-02-16 14:12:14 --> Session: Class initialized using 'CodeIgniter\Session\Handlers\FileHandler' driver.
CRITICAL - 2024-02-16 14:12:14 --> BadMethodCallException: Call to undefined method App\Models\BookingModel::getBookingData
in SYSTEMPATH\Model.php on line 874.
 1 APPPATH\Controllers\Laporan.php(65): CodeIgniter\Model->__call('getBookingData', [])
 2 SYSTEMPATH\CodeIgniter.php(941): App\Controllers\Laporan->index()
 3 SYSTEMPATH\CodeIgniter.php(502): CodeIgniter\CodeIgniter->runController(Object(App\Controllers\Laporan))
 4 SYSTEMPATH\CodeIgniter.php(361): CodeIgniter\CodeIgniter->handleRequest(null, Object(Config\Cache), false)
 5 FCPATH\index.php(79): CodeIgniter\CodeIgniter->run()
 6 SYSTEMPATH\Commands\Server\rewrite.php(47): require_once('D:\\xampp\\htdocs\\spamassage\\public\\index.php')
INFO - 2024-02-16 14:13:08 --> Session: Class initialized using 'CodeIgniter\Session\Handlers\FileHandler' driver.
CRITICAL - 2024-02-16 14:13:08 --> BadMethodCallException: Call to undefined method App\Models\BookingModel::getBookingData
in SYSTEMPATH\Model.php on line 874.
 1 APPPATH\Controllers\Laporan.php(65): CodeIgniter\Model->__call('getBookingData', [])
 2 SYSTEMPATH\CodeIgniter.php(941): App\Controllers\Laporan->index()
 3 SYSTEMPATH\CodeIgniter.php(502): CodeIgniter\CodeIgniter->runController(Object(App\Controllers\Laporan))
 4 SYSTEMPATH\CodeIgniter.php(361): CodeIgniter\CodeIgniter->handleRequest(null, Object(Config\Cache), false)
 5 FCPATH\index.php(79): CodeIgniter\CodeIgniter->run()
 6 SYSTEMPATH\Commands\Server\rewrite.php(47): require_once('D:\\xampp\\htdocs\\spamassage\\public\\index.php')
INFO - 2024-02-16 14:14:14 --> Session: Class initialized using 'CodeIgniter\Session\Handlers\FileHandler' driver.
INFO - 2024-02-16 14:15:53 --> Session: Class initialized using 'CodeIgniter\Session\Handlers\FileHandler' driver.
INFO - 2024-02-16 14:16:05 --> Session: Class initialized using 'CodeIgniter\Session\Handlers\FileHandler' driver.
INFO - 2024-02-16 14:16:15 --> Session: Class initialized using 'CodeIgniter\Session\Handlers\FileHandler' driver.
INFO - 2024-02-16 14:16:56 --> Session: Class initialized using 'CodeIgniter\Session\Handlers\FileHandler' driver.
INFO - 2024-02-16 14:17:19 --> Session: Class initialized using 'CodeIgniter\Session\Handlers\FileHandler' driver.
CRITICAL - 2024-02-16 14:17:19 --> ErrorException: Undefined variable $transaksi
in APPPATH\Views\v_admin\historytransaksi.php on line 52.
 1 APPPATH\Views\v_admin\historytransaksi.php(52): CodeIgniter\Debug\Exceptions->errorHandler(2, 'Undefined variable $transaksi', 'D:\\xampp\\htdocs\\spamassage\\app\\Views\\v_admin\\historytransaksi.php', 52)
 2 SYSTEMPATH\View\View.php(228): include('D:\\xampp\\htdocs\\spamassage\\app\\Views\\v_admin\\historytransaksi.php')
 3 SYSTEMPATH\View\View.php(231): CodeIgniter\View\View->CodeIgniter\View\{closure}()
 4 SYSTEMPATH\Common.php(1178): CodeIgniter\View\View->render('v_admin/historytransaksi', [], true)
 5 APPPATH\Controllers\Laporan.php(62): view('v_admin/historytransaksi', [...])
 6 SYSTEMPATH\CodeIgniter.php(941): App\Controllers\Laporan->index()
 7 SYSTEMPATH\CodeIgniter.php(502): CodeIgniter\CodeIgniter->runController(Object(App\Controllers\Laporan))
 8 SYSTEMPATH\CodeIgniter.php(361): CodeIgniter\CodeIgniter->handleRequest(null, Object(Config\Cache), false)
 9 FCPATH\index.php(79): CodeIgniter\CodeIgniter->run()
10 SYSTEMPATH\Commands\Server\rewrite.php(47): require_once('D:\\xampp\\htdocs\\spamassage\\public\\index.php')
INFO - 2024-02-16 14:17:30 --> Session: Class initialized using 'CodeIgniter\Session\Handlers\FileHandler' driver.
CRITICAL - 2024-02-16 14:17:30 --> ErrorException: Undefined variable $transaksi
in APPPATH\Views\v_admin\historytransaksi.php on line 52.
 1 APPPATH\Views\v_admin\historytransaksi.php(52): CodeIgniter\Debug\Exceptions->errorHandler(2, 'Undefined variable $transaksi', 'D:\\xampp\\htdocs\\spamassage\\app\\Views\\v_admin\\historytransaksi.php', 52)
 2 SYSTEMPATH\View\View.php(228): include('D:\\xampp\\htdocs\\spamassage\\app\\Views\\v_admin\\historytransaksi.php')
 3 SYSTEMPATH\View\View.php(231): CodeIgniter\View\View->CodeIgniter\View\{closure}()
 4 SYSTEMPATH\Common.php(1178): CodeIgniter\View\View->render('v_admin/historytransaksi', [], true)
 5 APPPATH\Controllers\Laporan.php(62): view('v_admin/historytransaksi', [...])
 6 SYSTEMPATH\CodeIgniter.php(941): App\Controllers\Laporan->index()
 7 SYSTEMPATH\CodeIgniter.php(502): CodeIgniter\CodeIgniter->runController(Object(App\Controllers\Laporan))
 8 SYSTEMPATH\CodeIgniter.php(361): CodeIgniter\CodeIgniter->handleRequest(null, Object(Config\Cache), false)
 9 FCPATH\index.php(79): CodeIgniter\CodeIgniter->run()
10 SYSTEMPATH\Commands\Server\rewrite.php(47): require_once('D:\\xampp\\htdocs\\spamassage\\public\\index.php')
INFO - 2024-02-16 14:17:36 --> Session: Class initialized using 'CodeIgniter\Session\Handlers\FileHandler' driver.
CRITICAL - 2024-02-16 14:17:36 --> Error: Call to a member function join() on null
in APPPATH\Models\TransaksiModel.php on line 33.
 1 APPPATH\Controllers\Laporan.php(54): App\Models\TransaksiModel->getTransaksiData()
 2 SYSTEMPATH\CodeIgniter.php(941): App\Controllers\Laporan->index()
 3 SYSTEMPATH\CodeIgniter.php(502): CodeIgniter\CodeIgniter->runController(Object(App\Controllers\Laporan))
 4 SYSTEMPATH\CodeIgniter.php(361): CodeIgniter\CodeIgniter->handleRequest(null, Object(Config\Cache), false)
 5 FCPATH\index.php(79): CodeIgniter\CodeIgniter->run()
 6 SYSTEMPATH\Commands\Server\rewrite.php(47): require_once('D:\\xampp\\htdocs\\spamassage\\public\\index.php')
INFO - 2024-02-16 14:17:56 --> Session: Class initialized using 'CodeIgniter\Session\Handlers\FileHandler' driver.
INFO - 2024-02-16 14:18:03 --> Session: Class initialized using 'CodeIgniter\Session\Handlers\FileHandler' driver.
INFO - 2024-02-16 14:25:47 --> Session: Class initialized using 'CodeIgniter\Session\Handlers\FileHandler' driver.
INFO - 2024-02-16 14:26:58 --> Session: Class initialized using 'CodeIgniter\Session\Handlers\FileHandler' driver.
INFO - 2024-02-16 14:27:06 --> Session: Class initialized using 'CodeIgniter\Session\Handlers\FileHandler' driver.
INFO - 2024-02-16 14:27:15 --> Session: Class initialized using 'CodeIgniter\Session\Handlers\FileHandler' driver.
INFO - 2024-02-16 14:27:21 --> Session: Class initialized using 'CodeIgniter\Session\Handlers\FileHandler' driver.
INFO - 2024-02-16 14:27:27 --> Session: Class initialized using 'CodeIgniter\Session\Handlers\FileHandler' driver.
INFO - 2024-02-16 14:30:03 --> Session: Class initialized using 'CodeIgniter\Session\Handlers\FileHandler' driver.
INFO - 2024-02-16 14:38:15 --> Session: Class initialized using 'CodeIgniter\Session\Handlers\FileHandler' driver.
INFO - 2024-02-16 14:38:29 --> Session: Class initialized using 'CodeIgniter\Session\Handlers\FileHandler' driver.
INFO - 2024-02-16 14:39:00 --> Session: Class initialized using 'CodeIgniter\Session\Handlers\FileHandler' driver.
INFO - 2024-02-16 14:40:02 --> Session: Class initialized using 'CodeIgniter\Session\Handlers\FileHandler' driver.
INFO - 2024-02-16 14:40:03 --> Session: Class initialized using 'CodeIgniter\Session\Handlers\FileHandler' driver.
INFO - 2024-02-16 14:40:15 --> Session: Class initialized using 'CodeIgniter\Session\Handlers\FileHandler' driver.
INFO - 2024-02-16 14:40:33 --> Session: Class initialized using 'CodeIgniter\Session\Handlers\FileHandler' driver.
INFO - 2024-02-16 14:40:33 --> Session: Class initialized using 'CodeIgniter\Session\Handlers\FileHandler' driver.
INFO - 2024-02-16 14:43:20 --> Session: Class initialized using 'CodeIgniter\Session\Handlers\FileHandler' driver.
INFO - 2024-02-16 14:43:25 --> Session: Class initialized using 'CodeIgniter\Session\Handlers\FileHandler' driver.
INFO - 2024-02-16 14:43:34 --> Session: Class initialized using 'CodeIgniter\Session\Handlers\FileHandler' driver.
INFO - 2024-02-16 14:43:35 --> Session: Class initialized using 'CodeIgniter\Session\Handlers\FileHandler' driver.
INFO - 2024-02-16 14:44:28 --> Session: Class initialized using 'CodeIgniter\Session\Handlers\FileHandler' driver.
INFO - 2024-02-16 14:44:35 --> Session: Class initialized using 'CodeIgniter\Session\Handlers\FileHandler' driver.
INFO - 2024-02-16 14:44:36 --> Session: Class initialized using 'CodeIgniter\Session\Handlers\FileHandler' driver.
INFO - 2024-02-16 14:47:18 --> Session: Class initialized using 'CodeIgniter\Session\Handlers\FileHandler' driver.
INFO - 2024-02-16 14:47:30 --> Session: Class initialized using 'CodeIgniter\Session\Handlers\FileHandler' driver.
ERROR - 2024-02-16 14:47:30 --> mysqli_sql_exception: Column 'status_pernikahan' cannot be null in D:\xampp\htdocs\spamassage\system\Database\MySQLi\Connection.php:306
Stack trace:
#0 D:\xampp\htdocs\spamassage\system\Database\MySQLi\Connection.php(306): mysqli->query('INSERT INTO `te...', 0)
#1 D:\xampp\htdocs\spamassage\system\Database\BaseConnection.php(693): CodeIgniter\Database\MySQLi\Connection->execute('INSERT INTO `te...')
#2 D:\xampp\htdocs\spamassage\system\Database\BaseConnection.php(607): CodeIgniter\Database\BaseConnection->simpleQuery('INSERT INTO `te...')
#3 D:\xampp\htdocs\spamassage\system\Database\BaseBuilder.php(2302): CodeIgniter\Database\BaseConnection->query('INSERT INTO `te...', Array, false)
#4 D:\xampp\htdocs\spamassage\system\Model.php(326): CodeIgniter\Database\BaseBuilder->insert()
#5 D:\xampp\htdocs\spamassage\system\BaseModel.php(802): CodeIgniter\Model->doInsert(Array)
#6 D:\xampp\htdocs\spamassage\system\Model.php(744): CodeIgniter\BaseModel->insert(Array, true)
#7 D:\xampp\htdocs\spamassage\app\Controllers\Terapis.php(124): CodeIgniter\Model->insert(Array)
#8 D:\xampp\htdocs\spamassage\system\CodeIgniter.php(941): App\Controllers\Terapis->update('4')
#9 D:\xampp\htdocs\spamassage\system\CodeIgniter.php(502): CodeIgniter\CodeIgniter->runController(Object(App\Controllers\Terapis))
#10 D:\xampp\htdocs\spamassage\system\CodeIgniter.php(361): CodeIgniter\CodeIgniter->handleRequest(NULL, Object(Config\Cache), false)
#11 D:\xampp\htdocs\spamassage\public\index.php(79): CodeIgniter\CodeIgniter->run()
#12 D:\xampp\htdocs\spamassage\system\Commands\Server\rewrite.php(47): require_once('D:\\xampp\\htdocs...')
#13 {main}
CRITICAL - 2024-02-16 14:47:30 --> CodeIgniter\Database\Exceptions\DatabaseException: Column 'status_pernikahan' cannot be null
in SYSTEMPATH\Database\BaseConnection.php on line 647.
 1 SYSTEMPATH\Database\BaseBuilder.php(2302): CodeIgniter\Database\BaseConnection->query('INSERT INTO `terapis` (`id`, `nama_terapis`, `jenis_kelamin`, `tempat_lahir`, `tanggal_lahir`, `status_pernikahan`, `alamat`, `no_hp`, `created_at`, `updated_at`) VALUES (:id:, :nama_terapis:, :jenis_kelamin:, :tempat_lahir:, :tanggal_lahir:, :status_pernikahan:, :alamat:, :no_hp:, :created_at:, :updated_at:)', [...], false)
 2 SYSTEMPATH\Model.php(326): CodeIgniter\Database\BaseBuilder->insert()
 3 SYSTEMPATH\BaseModel.php(802): CodeIgniter\Model->doInsert([...])
 4 SYSTEMPATH\Model.php(744): CodeIgniter\BaseModel->insert([...], true)
 5 APPPATH\Controllers\Terapis.php(124): CodeIgniter\Model->insert([...])
 6 SYSTEMPATH\CodeIgniter.php(941): App\Controllers\Terapis->update('4')
 7 SYSTEMPATH\CodeIgniter.php(502): CodeIgniter\CodeIgniter->runController(Object(App\Controllers\Terapis))
 8 SYSTEMPATH\CodeIgniter.php(361): CodeIgniter\CodeIgniter->handleRequest(null, Object(Config\Cache), false)
 9 FCPATH\index.php(79): CodeIgniter\CodeIgniter->run()
10 SYSTEMPATH\Commands\Server\rewrite.php(47): require_once('D:\\xampp\\htdocs\\spamassage\\public\\index.php')
CRITICAL - 2024-02-16 14:47:30 --> [Caused by] CodeIgniter\Database\Exceptions\DatabaseException: Column 'status_pernikahan' cannot be null
in SYSTEMPATH\Database\MySQLi\Connection.php on line 311.
 1 SYSTEMPATH\Database\BaseConnection.php(693): CodeIgniter\Database\MySQLi\Connection->execute('INSERT INTO `terapis` (`id`, `nama_terapis`, `jenis_kelamin`, `tempat_lahir`, `tanggal_lahir`, `status_pernikahan`, `alamat`, `no_hp`, `created_at`, `updated_at`) VALUES (\'4\', \'terapis 4\', \'Laki-laki\', \'Bandung\', \'2000-10-18\', NULL, \'Kulon Progo\', \'082241905296\', \'2024-02-16 14:47:30\', \'2024-02-16 14:47:30\')')
 2 SYSTEMPATH\Database\BaseConnection.php(607): CodeIgniter\Database\BaseConnection->simpleQuery('INSERT INTO `terapis` (`id`, `nama_terapis`, `jenis_kelamin`, `tempat_lahir`, `tanggal_lahir`, `status_pernikahan`, `alamat`, `no_hp`, `created_at`, `updated_at`) VALUES (\'4\', \'terapis 4\', \'Laki-laki\', \'Bandung\', \'2000-10-18\', NULL, \'Kulon Progo\', \'082241905296\', \'2024-02-16 14:47:30\', \'2024-02-16 14:47:30\')')
 3 SYSTEMPATH\Database\BaseBuilder.php(2302): CodeIgniter\Database\BaseConnection->query('INSERT INTO `terapis` (`id`, `nama_terapis`, `jenis_kelamin`, `tempat_lahir`, `tanggal_lahir`, `status_pernikahan`, `alamat`, `no_hp`, `created_at`, `updated_at`) VALUES (:id:, :nama_terapis:, :jenis_kelamin:, :tempat_lahir:, :tanggal_lahir:, :status_pernikahan:, :alamat:, :no_hp:, :created_at:, :updated_at:)', [...], false)
 4 SYSTEMPATH\Model.php(326): CodeIgniter\Database\BaseBuilder->insert()
 5 SYSTEMPATH\BaseModel.php(802): CodeIgniter\Model->doInsert([...])
 6 SYSTEMPATH\Model.php(744): CodeIgniter\BaseModel->insert([...], true)
 7 APPPATH\Controllers\Terapis.php(124): CodeIgniter\Model->insert([...])
 8 SYSTEMPATH\CodeIgniter.php(941): App\Controllers\Terapis->update('4')
 9 SYSTEMPATH\CodeIgniter.php(502): CodeIgniter\CodeIgniter->runController(Object(App\Controllers\Terapis))
10 SYSTEMPATH\CodeIgniter.php(361): CodeIgniter\CodeIgniter->handleRequest(null, Object(Config\Cache), false)
11 FCPATH\index.php(79): CodeIgniter\CodeIgniter->run()
12 SYSTEMPATH\Commands\Server\rewrite.php(47): require_once('D:\\xampp\\htdocs\\spamassage\\public\\index.php')
CRITICAL - 2024-02-16 14:47:30 --> [Caused by] mysqli_sql_exception: Column 'status_pernikahan' cannot be null
in SYSTEMPATH\Database\MySQLi\Connection.php on line 306.
 1 SYSTEMPATH\Database\MySQLi\Connection.php(306): mysqli->query('INSERT INTO `terapis` (`id`, `nama_terapis`, `jenis_kelamin`, `tempat_lahir`, `tanggal_lahir`, `status_pernikahan`, `alamat`, `no_hp`, `created_at`, `updated_at`) VALUES (\'4\', \'terapis 4\', \'Laki-laki\', \'Bandung\', \'2000-10-18\', NULL, \'Kulon Progo\', \'082241905296\', \'2024-02-16 14:47:30\', \'2024-02-16 14:47:30\')', 0)
 2 SYSTEMPATH\Database\BaseConnection.php(693): CodeIgniter\Database\MySQLi\Connection->execute('INSERT INTO `terapis` (`id`, `nama_terapis`, `jenis_kelamin`, `tempat_lahir`, `tanggal_lahir`, `status_pernikahan`, `alamat`, `no_hp`, `created_at`, `updated_at`) VALUES (\'4\', \'terapis 4\', \'Laki-laki\', \'Bandung\', \'2000-10-18\', NULL, \'Kulon Progo\', \'082241905296\', \'2024-02-16 14:47:30\', \'2024-02-16 14:47:30\')')
 3 SYSTEMPATH\Database\BaseConnection.php(607): CodeIgniter\Database\BaseConnection->simpleQuery('INSERT INTO `terapis` (`id`, `nama_terapis`, `jenis_kelamin`, `tempat_lahir`, `tanggal_lahir`, `status_pernikahan`, `alamat`, `no_hp`, `created_at`, `updated_at`) VALUES (\'4\', \'terapis 4\', \'Laki-laki\', \'Bandung\', \'2000-10-18\', NULL, \'Kulon Progo\', \'082241905296\', \'2024-02-16 14:47:30\', \'2024-02-16 14:47:30\')')
 4 SYSTEMPATH\Database\BaseBuilder.php(2302): CodeIgniter\Database\BaseConnection->query('INSERT INTO `terapis` (`id`, `nama_terapis`, `jenis_kelamin`, `tempat_lahir`, `tanggal_lahir`, `status_pernikahan`, `alamat`, `no_hp`, `created_at`, `updated_at`) VALUES (:id:, :nama_terapis:, :jenis_kelamin:, :tempat_lahir:, :tanggal_lahir:, :status_pernikahan:, :alamat:, :no_hp:, :created_at:, :updated_at:)', [...], false)
 5 SYSTEMPATH\Model.php(326): CodeIgniter\Database\BaseBuilder->insert()
 6 SYSTEMPATH\BaseModel.php(802): CodeIgniter\Model->doInsert([...])
 7 SYSTEMPATH\Model.php(744): CodeIgniter\BaseModel->insert([...], true)
 8 APPPATH\Controllers\Terapis.php(124): CodeIgniter\Model->insert([...])
 9 SYSTEMPATH\CodeIgniter.php(941): App\Controllers\Terapis->update('4')
10 SYSTEMPATH\CodeIgniter.php(502): CodeIgniter\CodeIgniter->runController(Object(App\Controllers\Terapis))
11 SYSTEMPATH\CodeIgniter.php(361): CodeIgniter\CodeIgniter->handleRequest(null, Object(Config\Cache), false)
12 FCPATH\index.php(79): CodeIgniter\CodeIgniter->run()
13 SYSTEMPATH\Commands\Server\rewrite.php(47): require_once('D:\\xampp\\htdocs\\spamassage\\public\\index.php')
INFO - 2024-02-16 14:48:44 --> Session: Class initialized using 'CodeIgniter\Session\Handlers\FileHandler' driver.
ERROR - 2024-02-16 14:48:44 --> mysqli_sql_exception: Column 'status_pernikahan' cannot be null in D:\xampp\htdocs\spamassage\system\Database\MySQLi\Connection.php:306
Stack trace:
#0 D:\xampp\htdocs\spamassage\system\Database\MySQLi\Connection.php(306): mysqli->query('INSERT INTO `te...', 0)
#1 D:\xampp\htdocs\spamassage\system\Database\BaseConnection.php(693): CodeIgniter\Database\MySQLi\Connection->execute('INSERT INTO `te...')
#2 D:\xampp\htdocs\spamassage\system\Database\BaseConnection.php(607): CodeIgniter\Database\BaseConnection->simpleQuery('INSERT INTO `te...')
#3 D:\xampp\htdocs\spamassage\system\Database\BaseBuilder.php(2302): CodeIgniter\Database\BaseConnection->query('INSERT INTO `te...', Array, false)
#4 D:\xampp\htdocs\spamassage\system\Model.php(326): CodeIgniter\Database\BaseBuilder->insert()
#5 D:\xampp\htdocs\spamassage\system\BaseModel.php(802): CodeIgniter\Model->doInsert(Array)
#6 D:\xampp\htdocs\spamassage\system\Model.php(744): CodeIgniter\BaseModel->insert(Array, true)
#7 D:\xampp\htdocs\spamassage\app\Controllers\Terapis.php(124): CodeIgniter\Model->insert(Array)
#8 D:\xampp\htdocs\spamassage\system\CodeIgniter.php(941): App\Controllers\Terapis->update('4')
#9 D:\xampp\htdocs\spamassage\system\CodeIgniter.php(502): CodeIgniter\CodeIgniter->runController(Object(App\Controllers\Terapis))
#10 D:\xampp\htdocs\spamassage\system\CodeIgniter.php(361): CodeIgniter\CodeIgniter->handleRequest(NULL, Object(Config\Cache), false)
#11 D:\xampp\htdocs\spamassage\public\index.php(79): CodeIgniter\CodeIgniter->run()
#12 D:\xampp\htdocs\spamassage\system\Commands\Server\rewrite.php(47): require_once('D:\\xampp\\htdocs...')
#13 {main}
CRITICAL - 2024-02-16 14:48:44 --> CodeIgniter\Database\Exceptions\DatabaseException: Column 'status_pernikahan' cannot be null
in SYSTEMPATH\Database\BaseConnection.php on line 647.
 1 SYSTEMPATH\Database\BaseBuilder.php(2302): CodeIgniter\Database\BaseConnection->query('INSERT INTO `terapis` (`id`, `nama_terapis`, `jenis_kelamin`, `tempat_lahir`, `tanggal_lahir`, `status_pernikahan`, `alamat`, `no_hp`, `created_at`, `updated_at`) VALUES (:id:, :nama_terapis:, :jenis_kelamin:, :tempat_lahir:, :tanggal_lahir:, :status_pernikahan:, :alamat:, :no_hp:, :created_at:, :updated_at:)', [...], false)
 2 SYSTEMPATH\Model.php(326): CodeIgniter\Database\BaseBuilder->insert()
 3 SYSTEMPATH\BaseModel.php(802): CodeIgniter\Model->doInsert([...])
 4 SYSTEMPATH\Model.php(744): CodeIgniter\BaseModel->insert([...], true)
 5 APPPATH\Controllers\Terapis.php(124): CodeIgniter\Model->insert([...])
 6 SYSTEMPATH\CodeIgniter.php(941): App\Controllers\Terapis->update('4')
 7 SYSTEMPATH\CodeIgniter.php(502): CodeIgniter\CodeIgniter->runController(Object(App\Controllers\Terapis))
 8 SYSTEMPATH\CodeIgniter.php(361): CodeIgniter\CodeIgniter->handleRequest(null, Object(Config\Cache), false)
 9 FCPATH\index.php(79): CodeIgniter\CodeIgniter->run()
10 SYSTEMPATH\Commands\Server\rewrite.php(47): require_once('D:\\xampp\\htdocs\\spamassage\\public\\index.php')
CRITICAL - 2024-02-16 14:48:44 --> [Caused by] CodeIgniter\Database\Exceptions\DatabaseException: Column 'status_pernikahan' cannot be null
in SYSTEMPATH\Database\MySQLi\Connection.php on line 311.
 1 SYSTEMPATH\Database\BaseConnection.php(693): CodeIgniter\Database\MySQLi\Connection->execute('INSERT INTO `terapis` (`id`, `nama_terapis`, `jenis_kelamin`, `tempat_lahir`, `tanggal_lahir`, `status_pernikahan`, `alamat`, `no_hp`, `created_at`, `updated_at`) VALUES (\'4\', \'terapis 4\', \'Laki-laki\', \'Bandung\', \'2000-10-18\', NULL, \'Kulon Progo\', \'082241905296\', \'2024-02-16 14:48:44\', \'2024-02-16 14:48:44\')')
 2 SYSTEMPATH\Database\BaseConnection.php(607): CodeIgniter\Database\BaseConnection->simpleQuery('INSERT INTO `terapis` (`id`, `nama_terapis`, `jenis_kelamin`, `tempat_lahir`, `tanggal_lahir`, `status_pernikahan`, `alamat`, `no_hp`, `created_at`, `updated_at`) VALUES (\'4\', \'terapis 4\', \'Laki-laki\', \'Bandung\', \'2000-10-18\', NULL, \'Kulon Progo\', \'082241905296\', \'2024-02-16 14:48:44\', \'2024-02-16 14:48:44\')')
 3 SYSTEMPATH\Database\BaseBuilder.php(2302): CodeIgniter\Database\BaseConnection->query('INSERT INTO `terapis` (`id`, `nama_terapis`, `jenis_kelamin`, `tempat_lahir`, `tanggal_lahir`, `status_pernikahan`, `alamat`, `no_hp`, `created_at`, `updated_at`) VALUES (:id:, :nama_terapis:, :jenis_kelamin:, :tempat_lahir:, :tanggal_lahir:, :status_pernikahan:, :alamat:, :no_hp:, :created_at:, :updated_at:)', [...], false)
 4 SYSTEMPATH\Model.php(326): CodeIgniter\Database\BaseBuilder->insert()
 5 SYSTEMPATH\BaseModel.php(802): CodeIgniter\Model->doInsert([...])
 6 SYSTEMPATH\Model.php(744): CodeIgniter\BaseModel->insert([...], true)
 7 APPPATH\Controllers\Terapis.php(124): CodeIgniter\Model->insert([...])
 8 SYSTEMPATH\CodeIgniter.php(941): App\Controllers\Terapis->update('4')
 9 SYSTEMPATH\CodeIgniter.php(502): CodeIgniter\CodeIgniter->runController(Object(App\Controllers\Terapis))
10 SYSTEMPATH\CodeIgniter.php(361): CodeIgniter\CodeIgniter->handleRequest(null, Object(Config\Cache), false)
11 FCPATH\index.php(79): CodeIgniter\CodeIgniter->run()
12 SYSTEMPATH\Commands\Server\rewrite.php(47): require_once('D:\\xampp\\htdocs\\spamassage\\public\\index.php')
CRITICAL - 2024-02-16 14:48:44 --> [Caused by] mysqli_sql_exception: Column 'status_pernikahan' cannot be null
in SYSTEMPATH\Database\MySQLi\Connection.php on line 306.
 1 SYSTEMPATH\Database\MySQLi\Connection.php(306): mysqli->query('INSERT INTO `terapis` (`id`, `nama_terapis`, `jenis_kelamin`, `tempat_lahir`, `tanggal_lahir`, `status_pernikahan`, `alamat`, `no_hp`, `created_at`, `updated_at`) VALUES (\'4\', \'terapis 4\', \'Laki-laki\', \'Bandung\', \'2000-10-18\', NULL, \'Kulon Progo\', \'082241905296\', \'2024-02-16 14:48:44\', \'2024-02-16 14:48:44\')', 0)
 2 SYSTEMPATH\Database\BaseConnection.php(693): CodeIgniter\Database\MySQLi\Connection->execute('INSERT INTO `terapis` (`id`, `nama_terapis`, `jenis_kelamin`, `tempat_lahir`, `tanggal_lahir`, `status_pernikahan`, `alamat`, `no_hp`, `created_at`, `updated_at`) VALUES (\'4\', \'terapis 4\', \'Laki-laki\', \'Bandung\', \'2000-10-18\', NULL, \'Kulon Progo\', \'082241905296\', \'2024-02-16 14:48:44\', \'2024-02-16 14:48:44\')')
 3 SYSTEMPATH\Database\BaseConnection.php(607): CodeIgniter\Database\BaseConnection->simpleQuery('INSERT INTO `terapis` (`id`, `nama_terapis`, `jenis_kelamin`, `tempat_lahir`, `tanggal_lahir`, `status_pernikahan`, `alamat`, `no_hp`, `created_at`, `updated_at`) VALUES (\'4\', \'terapis 4\', \'Laki-laki\', \'Bandung\', \'2000-10-18\', NULL, \'Kulon Progo\', \'082241905296\', \'2024-02-16 14:48:44\', \'2024-02-16 14:48:44\')')
 4 SYSTEMPATH\Database\BaseBuilder.php(2302): CodeIgniter\Database\BaseConnection->query('INSERT INTO `terapis` (`id`, `nama_terapis`, `jenis_kelamin`, `tempat_lahir`, `tanggal_lahir`, `status_pernikahan`, `alamat`, `no_hp`, `created_at`, `updated_at`) VALUES (:id:, :nama_terapis:, :jenis_kelamin:, :tempat_lahir:, :tanggal_lahir:, :status_pernikahan:, :alamat:, :no_hp:, :created_at:, :updated_at:)', [...], false)
 5 SYSTEMPATH\Model.php(326): CodeIgniter\Database\BaseBuilder->insert()
 6 SYSTEMPATH\BaseModel.php(802): CodeIgniter\Model->doInsert([...])
 7 SYSTEMPATH\Model.php(744): CodeIgniter\BaseModel->insert([...], true)
 8 APPPATH\Controllers\Terapis.php(124): CodeIgniter\Model->insert([...])
 9 SYSTEMPATH\CodeIgniter.php(941): App\Controllers\Terapis->update('4')
10 SYSTEMPATH\CodeIgniter.php(502): CodeIgniter\CodeIgniter->runController(Object(App\Controllers\Terapis))
11 SYSTEMPATH\CodeIgniter.php(361): CodeIgniter\CodeIgniter->handleRequest(null, Object(Config\Cache), false)
12 FCPATH\index.php(79): CodeIgniter\CodeIgniter->run()
13 SYSTEMPATH\Commands\Server\rewrite.php(47): require_once('D:\\xampp\\htdocs\\spamassage\\public\\index.php')
INFO - 2024-02-16 14:49:10 --> Session: Class initialized using 'CodeIgniter\Session\Handlers\FileHandler' driver.
INFO - 2024-02-16 14:50:23 --> Session: Class initialized using 'CodeIgniter\Session\Handlers\FileHandler' driver.
INFO - 2024-02-16 14:50:32 --> Session: Class initialized using 'CodeIgniter\Session\Handlers\FileHandler' driver.
ERROR - 2024-02-16 14:50:32 --> mysqli_sql_exception: Duplicate entry '4' for key 'PRIMARY' in D:\xampp\htdocs\spamassage\system\Database\MySQLi\Connection.php:306
Stack trace:
#0 D:\xampp\htdocs\spamassage\system\Database\MySQLi\Connection.php(306): mysqli->query('INSERT INTO `te...', 0)
#1 D:\xampp\htdocs\spamassage\system\Database\BaseConnection.php(693): CodeIgniter\Database\MySQLi\Connection->execute('INSERT INTO `te...')
#2 D:\xampp\htdocs\spamassage\system\Database\BaseConnection.php(607): CodeIgniter\Database\BaseConnection->simpleQuery('INSERT INTO `te...')
#3 D:\xampp\htdocs\spamassage\system\Database\BaseBuilder.php(2302): CodeIgniter\Database\BaseConnection->query('INSERT INTO `te...', Array, false)
#4 D:\xampp\htdocs\spamassage\system\Model.php(326): CodeIgniter\Database\BaseBuilder->insert()
#5 D:\xampp\htdocs\spamassage\system\BaseModel.php(802): CodeIgniter\Model->doInsert(Array)
#6 D:\xampp\htdocs\spamassage\system\Model.php(744): CodeIgniter\BaseModel->insert(Array, true)
#7 D:\xampp\htdocs\spamassage\app\Controllers\Terapis.php(124): CodeIgniter\Model->insert(Array)
#8 D:\xampp\htdocs\spamassage\system\CodeIgniter.php(941): App\Controllers\Terapis->update('4')
#9 D:\xampp\htdocs\spamassage\system\CodeIgniter.php(502): CodeIgniter\CodeIgniter->runController(Object(App\Controllers\Terapis))
#10 D:\xampp\htdocs\spamassage\system\CodeIgniter.php(361): CodeIgniter\CodeIgniter->handleRequest(NULL, Object(Config\Cache), false)
#11 D:\xampp\htdocs\spamassage\public\index.php(79): CodeIgniter\CodeIgniter->run()
#12 D:\xampp\htdocs\spamassage\system\Commands\Server\rewrite.php(47): require_once('D:\\xampp\\htdocs...')
#13 {main}
CRITICAL - 2024-02-16 14:50:32 --> CodeIgniter\Database\Exceptions\DatabaseException: Duplicate entry '4' for key 'PRIMARY'
in SYSTEMPATH\Database\BaseConnection.php on line 647.
 1 SYSTEMPATH\Database\BaseBuilder.php(2302): CodeIgniter\Database\BaseConnection->query('INSERT INTO `terapis` (`id`, `nama_terapis`, `jenis_kelamin`, `tempat_lahir`, `tanggal_lahir`, `status_pernikahan`, `alamat`, `no_hp`, `created_at`, `updated_at`) VALUES (:id:, :nama_terapis:, :jenis_kelamin:, :tempat_lahir:, :tanggal_lahir:, :status_pernikahan:, :alamat:, :no_hp:, :created_at:, :updated_at:)', [...], false)
 2 SYSTEMPATH\Model.php(326): CodeIgniter\Database\BaseBuilder->insert()
 3 SYSTEMPATH\BaseModel.php(802): CodeIgniter\Model->doInsert([...])
 4 SYSTEMPATH\Model.php(744): CodeIgniter\BaseModel->insert([...], true)
 5 APPPATH\Controllers\Terapis.php(124): CodeIgniter\Model->insert([...])
 6 SYSTEMPATH\CodeIgniter.php(941): App\Controllers\Terapis->update('4')
 7 SYSTEMPATH\CodeIgniter.php(502): CodeIgniter\CodeIgniter->runController(Object(App\Controllers\Terapis))
 8 SYSTEMPATH\CodeIgniter.php(361): CodeIgniter\CodeIgniter->handleRequest(null, Object(Config\Cache), false)
 9 FCPATH\index.php(79): CodeIgniter\CodeIgniter->run()
10 SYSTEMPATH\Commands\Server\rewrite.php(47): require_once('D:\\xampp\\htdocs\\spamassage\\public\\index.php')
CRITICAL - 2024-02-16 14:50:32 --> [Caused by] CodeIgniter\Database\Exceptions\DatabaseException: Duplicate entry '4' for key 'PRIMARY'
in SYSTEMPATH\Database\MySQLi\Connection.php on line 311.
 1 SYSTEMPATH\Database\BaseConnection.php(693): CodeIgniter\Database\MySQLi\Connection->execute('INSERT INTO `terapis` (`id`, `nama_terapis`, `jenis_kelamin`, `tempat_lahir`, `tanggal_lahir`, `status_pernikahan`, `alamat`, `no_hp`, `created_at`, `updated_at`) VALUES (\'4\', \'terapis 4\', \'Laki-laki\', \'Bandung\', \'2000-10-18\', \'Belum Menikah\', \'Kulon Progo\', \'082241905295\', \'2024-02-16 14:50:32\', \'2024-02-16 14:50:32\')')
 2 SYSTEMPATH\Database\BaseConnection.php(607): CodeIgniter\Database\BaseConnection->simpleQuery('INSERT INTO `terapis` (`id`, `nama_terapis`, `jenis_kelamin`, `tempat_lahir`, `tanggal_lahir`, `status_pernikahan`, `alamat`, `no_hp`, `created_at`, `updated_at`) VALUES (\'4\', \'terapis 4\', \'Laki-laki\', \'Bandung\', \'2000-10-18\', \'Belum Menikah\', \'Kulon Progo\', \'082241905295\', \'2024-02-16 14:50:32\', \'2024-02-16 14:50:32\')')
 3 SYSTEMPATH\Database\BaseBuilder.php(2302): CodeIgniter\Database\BaseConnection->query('INSERT INTO `terapis` (`id`, `nama_terapis`, `jenis_kelamin`, `tempat_lahir`, `tanggal_lahir`, `status_pernikahan`, `alamat`, `no_hp`, `created_at`, `updated_at`) VALUES (:id:, :nama_terapis:, :jenis_kelamin:, :tempat_lahir:, :tanggal_lahir:, :status_pernikahan:, :alamat:, :no_hp:, :created_at:, :updated_at:)', [...], false)
 4 SYSTEMPATH\Model.php(326): CodeIgniter\Database\BaseBuilder->insert()
 5 SYSTEMPATH\BaseModel.php(802): CodeIgniter\Model->doInsert([...])
 6 SYSTEMPATH\Model.php(744): CodeIgniter\BaseModel->insert([...], true)
 7 APPPATH\Controllers\Terapis.php(124): CodeIgniter\Model->insert([...])
 8 SYSTEMPATH\CodeIgniter.php(941): App\Controllers\Terapis->update('4')
 9 SYSTEMPATH\CodeIgniter.php(502): CodeIgniter\CodeIgniter->runController(Object(App\Controllers\Terapis))
10 SYSTEMPATH\CodeIgniter.php(361): CodeIgniter\CodeIgniter->handleRequest(null, Object(Config\Cache), false)
11 FCPATH\index.php(79): CodeIgniter\CodeIgniter->run()
12 SYSTEMPATH\Commands\Server\rewrite.php(47): require_once('D:\\xampp\\htdocs\\spamassage\\public\\index.php')
CRITICAL - 2024-02-16 14:50:32 --> [Caused by] mysqli_sql_exception: Duplicate entry '4' for key 'PRIMARY'
in SYSTEMPATH\Database\MySQLi\Connection.php on line 306.
 1 SYSTEMPATH\Database\MySQLi\Connection.php(306): mysqli->query('INSERT INTO `terapis` (`id`, `nama_terapis`, `jenis_kelamin`, `tempat_lahir`, `tanggal_lahir`, `status_pernikahan`, `alamat`, `no_hp`, `created_at`, `updated_at`) VALUES (\'4\', \'terapis 4\', \'Laki-laki\', \'Bandung\', \'2000-10-18\', \'Belum Menikah\', \'Kulon Progo\', \'082241905295\', \'2024-02-16 14:50:32\', \'2024-02-16 14:50:32\')', 0)
 2 SYSTEMPATH\Database\BaseConnection.php(693): CodeIgniter\Database\MySQLi\Connection->execute('INSERT INTO `terapis` (`id`, `nama_terapis`, `jenis_kelamin`, `tempat_lahir`, `tanggal_lahir`, `status_pernikahan`, `alamat`, `no_hp`, `created_at`, `updated_at`) VALUES (\'4\', \'terapis 4\', \'Laki-laki\', \'Bandung\', \'2000-10-18\', \'Belum Menikah\', \'Kulon Progo\', \'082241905295\', \'2024-02-16 14:50:32\', \'2024-02-16 14:50:32\')')
 3 SYSTEMPATH\Database\BaseConnection.php(607): CodeIgniter\Database\BaseConnection->simpleQuery('INSERT INTO `terapis` (`id`, `nama_terapis`, `jenis_kelamin`, `tempat_lahir`, `tanggal_lahir`, `status_pernikahan`, `alamat`, `no_hp`, `created_at`, `updated_at`) VALUES (\'4\', \'terapis 4\', \'Laki-laki\', \'Bandung\', \'2000-10-18\', \'Belum Menikah\', \'Kulon Progo\', \'082241905295\', \'2024-02-16 14:50:32\', \'2024-02-16 14:50:32\')')
 4 SYSTEMPATH\Database\BaseBuilder.php(2302): CodeIgniter\Database\BaseConnection->query('INSERT INTO `terapis` (`id`, `nama_terapis`, `jenis_kelamin`, `tempat_lahir`, `tanggal_lahir`, `status_pernikahan`, `alamat`, `no_hp`, `created_at`, `updated_at`) VALUES (:id:, :nama_terapis:, :jenis_kelamin:, :tempat_lahir:, :tanggal_lahir:, :status_pernikahan:, :alamat:, :no_hp:, :created_at:, :updated_at:)', [...], false)
 5 SYSTEMPATH\Model.php(326): CodeIgniter\Database\BaseBuilder->insert()
 6 SYSTEMPATH\BaseModel.php(802): CodeIgniter\Model->doInsert([...])
 7 SYSTEMPATH\Model.php(744): CodeIgniter\BaseModel->insert([...], true)
 8 APPPATH\Controllers\Terapis.php(124): CodeIgniter\Model->insert([...])
 9 SYSTEMPATH\CodeIgniter.php(941): App\Controllers\Terapis->update('4')
10 SYSTEMPATH\CodeIgniter.php(502): CodeIgniter\CodeIgniter->runController(Object(App\Controllers\Terapis))
11 SYSTEMPATH\CodeIgniter.php(361): CodeIgniter\CodeIgniter->handleRequest(null, Object(Config\Cache), false)
12 FCPATH\index.php(79): CodeIgniter\CodeIgniter->run()
13 SYSTEMPATH\Commands\Server\rewrite.php(47): require_once('D:\\xampp\\htdocs\\spamassage\\public\\index.php')
INFO - 2024-02-16 14:50:46 --> Session: Class initialized using 'CodeIgniter\Session\Handlers\FileHandler' driver.
INFO - 2024-02-16 14:50:53 --> Session: Class initialized using 'CodeIgniter\Session\Handlers\FileHandler' driver.
INFO - 2024-02-16 14:50:54 --> Session: Class initialized using 'CodeIgniter\Session\Handlers\FileHandler' driver.
INFO - 2024-02-16 14:51:01 --> Session: Class initialized using 'CodeIgniter\Session\Handlers\FileHandler' driver.
INFO - 2024-02-16 14:51:07 --> Session: Class initialized using 'CodeIgniter\Session\Handlers\FileHandler' driver.
INFO - 2024-02-16 14:51:08 --> Session: Class initialized using 'CodeIgniter\Session\Handlers\FileHandler' driver.
INFO - 2024-02-16 14:51:16 --> Session: Class initialized using 'CodeIgniter\Session\Handlers\FileHandler' driver.
INFO - 2024-02-16 14:51:31 --> Session: Class initialized using 'CodeIgniter\Session\Handlers\FileHandler' driver.
INFO - 2024-02-16 14:51:31 --> Session: Class initialized using 'CodeIgniter\Session\Handlers\FileHandler' driver.
INFO - 2024-02-16 14:52:42 --> Session: Class initialized using 'CodeIgniter\Session\Handlers\FileHandler' driver.
INFO - 2024-02-16 14:52:48 --> Session: Class initialized using 'CodeIgniter\Session\Handlers\FileHandler' driver.
INFO - 2024-02-16 14:52:55 --> Session: Class initialized using 'CodeIgniter\Session\Handlers\FileHandler' driver.
INFO - 2024-02-16 14:53:02 --> Session: Class initialized using 'CodeIgniter\Session\Handlers\FileHandler' driver.
INFO - 2024-02-16 14:53:08 --> Session: Class initialized using 'CodeIgniter\Session\Handlers\FileHandler' driver.
INFO - 2024-02-16 14:53:09 --> Session: Class initialized using 'CodeIgniter\Session\Handlers\FileHandler' driver.
INFO - 2024-02-16 14:53:23 --> Session: Class initialized using 'CodeIgniter\Session\Handlers\FileHandler' driver.
INFO - 2024-02-16 14:53:29 --> Session: Class initialized using 'CodeIgniter\Session\Handlers\FileHandler' driver.
INFO - 2024-02-16 14:53:30 --> Session: Class initialized using 'CodeIgniter\Session\Handlers\FileHandler' driver.
INFO - 2024-02-16 14:53:37 --> Session: Class initialized using 'CodeIgniter\Session\Handlers\FileHandler' driver.
INFO - 2024-02-16 14:54:53 --> Session: Class initialized using 'CodeIgniter\Session\Handlers\FileHandler' driver.
INFO - 2024-02-16 14:55:02 --> Session: Class initialized using 'CodeIgniter\Session\Handlers\FileHandler' driver.
INFO - 2024-02-16 14:55:03 --> Session: Class initialized using 'CodeIgniter\Session\Handlers\FileHandler' driver.
INFO - 2024-02-16 14:56:49 --> Session: Class initialized using 'CodeIgniter\Session\Handlers\FileHandler' driver.
INFO - 2024-02-16 14:56:50 --> Session: Class initialized using 'CodeIgniter\Session\Handlers\FileHandler' driver.
INFO - 2024-02-16 14:57:09 --> Session: Class initialized using 'CodeIgniter\Session\Handlers\FileHandler' driver.
INFO - 2024-02-16 14:57:10 --> Session: Class initialized using 'CodeIgniter\Session\Handlers\FileHandler' driver.
INFO - 2024-02-16 14:58:00 --> Session: Class initialized using 'CodeIgniter\Session\Handlers\FileHandler' driver.
INFO - 2024-02-16 14:58:01 --> Session: Class initialized using 'CodeIgniter\Session\Handlers\FileHandler' driver.
INFO - 2024-02-16 14:58:28 --> Session: Class initialized using 'CodeIgniter\Session\Handlers\FileHandler' driver.
INFO - 2024-02-16 14:58:28 --> Session: Class initialized using 'CodeIgniter\Session\Handlers\FileHandler' driver.
INFO - 2024-02-16 14:59:14 --> Session: Class initialized using 'CodeIgniter\Session\Handlers\FileHandler' driver.
INFO - 2024-02-16 14:59:53 --> Session: Class initialized using 'CodeIgniter\Session\Handlers\FileHandler' driver.
INFO - 2024-02-16 15:02:42 --> Session: Class initialized using 'CodeIgniter\Session\Handlers\FileHandler' driver.
INFO - 2024-02-16 15:02:52 --> Session: Class initialized using 'CodeIgniter\Session\Handlers\FileHandler' driver.
INFO - 2024-02-16 15:05:07 --> Session: Class initialized using 'CodeIgniter\Session\Handlers\FileHandler' driver.
INFO - 2024-02-16 15:05:08 --> Session: Class initialized using 'CodeIgniter\Session\Handlers\FileHandler' driver.
INFO - 2024-02-16 15:05:20 --> Session: Class initialized using 'CodeIgniter\Session\Handlers\FileHandler' driver.
INFO - 2024-02-16 15:05:21 --> Session: Class initialized using 'CodeIgniter\Session\Handlers\FileHandler' driver.
INFO - 2024-02-16 15:05:35 --> Session: Class initialized using 'CodeIgniter\Session\Handlers\FileHandler' driver.
INFO - 2024-02-16 15:05:35 --> Session: Class initialized using 'CodeIgniter\Session\Handlers\FileHandler' driver.
INFO - 2024-02-16 15:06:53 --> Session: Class initialized using 'CodeIgniter\Session\Handlers\FileHandler' driver.
INFO - 2024-02-16 15:06:53 --> Session: Class initialized using 'CodeIgniter\Session\Handlers\FileHandler' driver.
INFO - 2024-02-16 15:07:20 --> Session: Class initialized using 'CodeIgniter\Session\Handlers\FileHandler' driver.
INFO - 2024-02-16 15:08:10 --> Session: Class initialized using 'CodeIgniter\Session\Handlers\FileHandler' driver.
INFO - 2024-02-16 15:08:16 --> Session: Class initialized using 'CodeIgniter\Session\Handlers\FileHandler' driver.
CRITICAL - 2024-02-16 15:08:16 --> ErrorException: Undefined variable $id
in APPPATH\Views\v_admin\prosestransaksi.php on line 38.
 1 APPPATH\Views\v_admin\prosestransaksi.php(38): CodeIgniter\Debug\Exceptions->errorHandler(2, 'Undefined variable $id', 'D:\\xampp\\htdocs\\spamassage\\app\\Views\\v_admin\\prosestransaksi.php', 38)
 2 SYSTEMPATH\View\View.php(228): include('D:\\xampp\\htdocs\\spamassage\\app\\Views\\v_admin\\prosestransaksi.php')
 3 SYSTEMPATH\View\View.php(231): CodeIgniter\View\View->CodeIgniter\View\{closure}()
 4 SYSTEMPATH\Common.php(1178): CodeIgniter\View\View->render('v_admin/prosestransaksi', [], true)
 5 APPPATH\Controllers\Transaksi.php(136): view('v_admin/prosestransaksi', [...])
 6 SYSTEMPATH\CodeIgniter.php(941): App\Controllers\Transaksi->show('2')
 7 SYSTEMPATH\CodeIgniter.php(502): CodeIgniter\CodeIgniter->runController(Object(App\Controllers\Transaksi))
 8 SYSTEMPATH\CodeIgniter.php(361): CodeIgniter\CodeIgniter->handleRequest(null, Object(Config\Cache), false)
 9 FCPATH\index.php(79): CodeIgniter\CodeIgniter->run()
10 SYSTEMPATH\Commands\Server\rewrite.php(47): require_once('D:\\xampp\\htdocs\\spamassage\\public\\index.php')
INFO - 2024-02-16 15:08:29 --> Session: Class initialized using 'CodeIgniter\Session\Handlers\FileHandler' driver.
INFO - 2024-02-16 15:08:34 --> Session: Class initialized using 'CodeIgniter\Session\Handlers\FileHandler' driver.
INFO - 2024-02-16 15:08:43 --> Session: Class initialized using 'CodeIgniter\Session\Handlers\FileHandler' driver.
INFO - 2024-02-16 15:15:25 --> Session: Class initialized using 'CodeIgniter\Session\Handlers\FileHandler' driver.
INFO - 2024-02-16 15:19:51 --> Session: Class initialized using 'CodeIgniter\Session\Handlers\FileHandler' driver.
INFO - 2024-02-16 15:20:36 --> Session: Class initialized using 'CodeIgniter\Session\Handlers\FileHandler' driver.
INFO - 2024-02-16 15:20:38 --> Session: Class initialized using 'CodeIgniter\Session\Handlers\FileHandler' driver.
INFO - 2024-02-16 15:55:09 --> Session: Class initialized using 'CodeIgniter\Session\Handlers\FileHandler' driver.
INFO - 2024-02-16 15:55:45 --> Session: Class initialized using 'CodeIgniter\Session\Handlers\FileHandler' driver.
INFO - 2024-02-16 15:56:24 --> Session: Class initialized using 'CodeIgniter\Session\Handlers\FileHandler' driver.
INFO - 2024-02-16 15:56:55 --> Session: Class initialized using 'CodeIgniter\Session\Handlers\FileHandler' driver.
INFO - 2024-02-16 15:56:56 --> Session: Class initialized using 'CodeIgniter\Session\Handlers\FileHandler' driver.
INFO - 2024-02-16 15:57:51 --> Session: Class initialized using 'CodeIgniter\Session\Handlers\FileHandler' driver.
INFO - 2024-02-16 15:57:52 --> Session: Class initialized using 'CodeIgniter\Session\Handlers\FileHandler' driver.
INFO - 2024-02-16 15:59:26 --> Session: Class initialized using 'CodeIgniter\Session\Handlers\FileHandler' driver.
INFO - 2024-02-16 15:59:27 --> Session: Class initialized using 'CodeIgniter\Session\Handlers\FileHandler' driver.
INFO - 2024-02-16 15:59:53 --> Session: Class initialized using 'CodeIgniter\Session\Handlers\FileHandler' driver.
INFO - 2024-02-16 15:59:59 --> Session: Class initialized using 'CodeIgniter\Session\Handlers\FileHandler' driver.
INFO - 2024-02-16 16:00:13 --> Session: Class initialized using 'CodeIgniter\Session\Handlers\FileHandler' driver.
INFO - 2024-02-16 16:00:23 --> Session: Class initialized using 'CodeIgniter\Session\Handlers\FileHandler' driver.
INFO - 2024-02-16 16:00:24 --> Session: Class initialized using 'CodeIgniter\Session\Handlers\FileHandler' driver.
INFO - 2024-02-16 16:01:18 --> Session: Class initialized using 'CodeIgniter\Session\Handlers\FileHandler' driver.
INFO - 2024-02-16 16:01:19 --> Session: Class initialized using 'CodeIgniter\Session\Handlers\FileHandler' driver.
INFO - 2024-02-16 16:02:32 --> Session: Class initialized using 'CodeIgniter\Session\Handlers\FileHandler' driver.
