CRITICAL - 2024-01-22 08:56:23 --> CodeIgniter\Exceptions\FrameworkException: The framework needs the following extension(s) installed and loaded: intl.
in SYSTEMPATH\CodeIgniter.php on line 252.
 1 SYSTEMPATH\CodeIgniter.php(252): CodeIgniter\Exceptions\FrameworkException::forMissingExtension('intl')
 2 SYSTEMPATH\CodeIgniter.php(214): CodeIgniter\CodeIgniter->resolvePlatformExtensions()
 3 ROOTPATH\spark(88): CodeIgniter\CodeIgniter->initialize()
CRITICAL - 2024-01-22 08:56:23 --> ErrorException: Uncaught Error: Class "Locale" not found in D:\xampp\htdocs\rest-api\system\I18n\TimeTrait.php:74
Stack trace:
#0 D:\xampp\htdocs\rest-api\system\I18n\TimeTrait.php(115): CodeIgniter\I18n\Time->__construct(NULL, NULL, NULL)
#1 D:\xampp\htdocs\rest-api\system\HTTP\ResponseTrait.php(468): CodeIgniter\I18n\Time::now()
#2 D:\xampp\htdocs\rest-api\system\HTTP\ResponseTrait.php(446): CodeIgniter\HTTP\Response->sendHeaders()
#3 D:\xampp\htdocs\rest-api\system\Debug\ExceptionHandler.php(81): CodeIgniter\HTTP\Response->send()
#4 D:\xampp\htdocs\rest-api\system\Debug\Exceptions.php(157): CodeIgniter\Debug\ExceptionHandler->handle(Object(CodeIgniter\Exceptions\FrameworkException), Object(CodeIgniter\HTTP\IncomingRequest), Object(CodeIgniter\HTTP\Response), 500, 1)
#5 [internal function]: CodeIgniter\Debug\Exceptions->exceptionHandler(Object(CodeIgniter\Exceptions\FrameworkException))
#6 {main}
  thrown
【Previous Exception】
CodeIgniter\Exceptions\FrameworkException
The framework needs the following extension(s) installed and loaded: intl.
#0 D:\xampp\htdocs\rest-api\system\CodeIgniter.php(252): CodeIgniter\Exceptions\FrameworkException::forMissingExtension('intl')
#1 D:\xampp\htdocs\rest-api\system\CodeIgniter.php(214): CodeIgniter\CodeIgniter->resolvePlatformExtensions()
#2 D:\xampp\htdocs\rest-api\spark(88): CodeIgniter\CodeIgniter->initialize()
#3 {main}
in SYSTEMPATH\I18n\TimeTrait.php on line 74.
 1 [internal function]: CodeIgniter\Debug\Exceptions->shutdownHandler()
CRITICAL - 2024-01-22 09:01:01 --> CodeIgniter\Exceptions\FrameworkException: The framework needs the following extension(s) installed and loaded: intl.
in SYSTEMPATH\CodeIgniter.php on line 252.
 1 SYSTEMPATH\CodeIgniter.php(252): CodeIgniter\Exceptions\FrameworkException::forMissingExtension('intl')
 2 SYSTEMPATH\CodeIgniter.php(214): CodeIgniter\CodeIgniter->resolvePlatformExtensions()
 3 ROOTPATH\spark(88): CodeIgniter\CodeIgniter->initialize()
CRITICAL - 2024-01-22 09:01:01 --> ErrorException: Uncaught Error: Class "Locale" not found in D:\xampp\htdocs\rest-api\system\I18n\TimeTrait.php:74
Stack trace:
#0 D:\xampp\htdocs\rest-api\system\I18n\TimeTrait.php(115): CodeIgniter\I18n\Time->__construct(NULL, NULL, NULL)
#1 D:\xampp\htdocs\rest-api\system\HTTP\ResponseTrait.php(468): CodeIgniter\I18n\Time::now()
#2 D:\xampp\htdocs\rest-api\system\HTTP\ResponseTrait.php(446): CodeIgniter\HTTP\Response->sendHeaders()
#3 D:\xampp\htdocs\rest-api\system\Debug\ExceptionHandler.php(81): CodeIgniter\HTTP\Response->send()
#4 D:\xampp\htdocs\rest-api\system\Debug\Exceptions.php(157): CodeIgniter\Debug\ExceptionHandler->handle(Object(CodeIgniter\Exceptions\FrameworkException), Object(CodeIgniter\HTTP\IncomingRequest), Object(CodeIgniter\HTTP\Response), 500, 1)
#5 [internal function]: CodeIgniter\Debug\Exceptions->exceptionHandler(Object(CodeIgniter\Exceptions\FrameworkException))
#6 {main}
  thrown
【Previous Exception】
CodeIgniter\Exceptions\FrameworkException
The framework needs the following extension(s) installed and loaded: intl.
#0 D:\xampp\htdocs\rest-api\system\CodeIgniter.php(252): CodeIgniter\Exceptions\FrameworkException::forMissingExtension('intl')
#1 D:\xampp\htdocs\rest-api\system\CodeIgniter.php(214): CodeIgniter\CodeIgniter->resolvePlatformExtensions()
#2 D:\xampp\htdocs\rest-api\spark(88): CodeIgniter\CodeIgniter->initialize()
#3 {main}
in SYSTEMPATH\I18n\TimeTrait.php on line 74.
 1 [internal function]: CodeIgniter\Debug\Exceptions->shutdownHandler()
CRITICAL - 2024-01-22 08:26:31 --> Error: Class "GuzzleHttp\Client" not found
in APPPATH\Controllers\Movie.php on line 15.
 1 SYSTEMPATH\CodeIgniter.php(941): App\Controllers\Movie->index()
 2 SYSTEMPATH\CodeIgniter.php(502): CodeIgniter\CodeIgniter->runController(Object(App\Controllers\Movie))
 3 SYSTEMPATH\CodeIgniter.php(361): CodeIgniter\CodeIgniter->handleRequest(null, Object(Config\Cache), false)
 4 FCPATH\index.php(79): CodeIgniter\CodeIgniter->run()
 5 SYSTEMPATH\Commands\Server\rewrite.php(47): require_once('D:\\xampp\\htdocs\\rest-api\\public\\index.php')
CRITICAL - 2024-01-22 08:30:49 --> GuzzleHttp\Exception\ClientException: Client error: `GET http://www.omdbapi.com/?apikey=0&s=batman` resulted in a `401 Unauthorized` response:
{"Response":"False","Error":"Invalid API key!"}

in VENDORPATH\guzzlehttp\guzzle\src\Exception\RequestException.php on line 113.
 1 VENDORPATH\guzzlehttp\guzzle\src\Middleware.php(72): GuzzleHttp\Exception\RequestException::create(Object(GuzzleHttp\Psr7\Request), Object(GuzzleHttp\Psr7\Response), null, [], null)
 2 VENDORPATH\guzzlehttp\promises\src\Promise.php(209): GuzzleHttp\Middleware::GuzzleHttp\{closure}(Object(GuzzleHttp\Psr7\Response))
 3 VENDORPATH\guzzlehttp\promises\src\Promise.php(158): GuzzleHttp\Promise\Promise::callHandler(1, Object(GuzzleHttp\Psr7\Response), null)
 4 VENDORPATH\guzzlehttp\promises\src\TaskQueue.php(52): GuzzleHttp\Promise\Promise::GuzzleHttp\Promise\{closure}()
 5 VENDORPATH\guzzlehttp\promises\src\Promise.php(251): GuzzleHttp\Promise\TaskQueue->run(true)
 6 VENDORPATH\guzzlehttp\promises\src\Promise.php(227): GuzzleHttp\Promise\Promise->invokeWaitFn()
 7 VENDORPATH\guzzlehttp\promises\src\Promise.php(272): GuzzleHttp\Promise\Promise->waitIfPending()
 8 VENDORPATH\guzzlehttp\promises\src\Promise.php(229): GuzzleHttp\Promise\Promise->invokeWaitList()
 9 VENDORPATH\guzzlehttp\promises\src\Promise.php(69): GuzzleHttp\Promise\Promise->waitIfPending()
10 VENDORPATH\guzzlehttp\guzzle\src\Client.php(189): GuzzleHttp\Promise\Promise->wait()
11 VENDORPATH\guzzlehttp\guzzle\src\ClientTrait.php(44): GuzzleHttp\Client->request('GET', '', [...])
12 APPPATH\Controllers\Movie.php(20): GuzzleHttp\Client->get('', [...])
13 SYSTEMPATH\CodeIgniter.php(941): App\Controllers\Movie->index()
14 SYSTEMPATH\CodeIgniter.php(502): CodeIgniter\CodeIgniter->runController(Object(App\Controllers\Movie))
15 SYSTEMPATH\CodeIgniter.php(361): CodeIgniter\CodeIgniter->handleRequest(null, Object(Config\Cache), false)
16 FCPATH\index.php(79): CodeIgniter\CodeIgniter->run()
17 SYSTEMPATH\Commands\Server\rewrite.php(47): require_once('D:\\xampp\\htdocs\\rest-api\\public\\index.php')
CRITICAL - 2024-01-22 08:36:19 --> GuzzleHttp\Exception\ClientException: Client error: `GET http://www.omdbapi.com/?apikey=0&s=batman` resulted in a `401 Unauthorized` response:
{"Response":"False","Error":"Invalid API key!"}

in VENDORPATH\guzzlehttp\guzzle\src\Exception\RequestException.php on line 113.
 1 VENDORPATH\guzzlehttp\guzzle\src\Middleware.php(72): GuzzleHttp\Exception\RequestException::create(Object(GuzzleHttp\Psr7\Request), Object(GuzzleHttp\Psr7\Response), null, [], null)
 2 VENDORPATH\guzzlehttp\promises\src\Promise.php(209): GuzzleHttp\Middleware::GuzzleHttp\{closure}(Object(GuzzleHttp\Psr7\Response))
 3 VENDORPATH\guzzlehttp\promises\src\Promise.php(158): GuzzleHttp\Promise\Promise::callHandler(1, Object(GuzzleHttp\Psr7\Response), null)
 4 VENDORPATH\guzzlehttp\promises\src\TaskQueue.php(52): GuzzleHttp\Promise\Promise::GuzzleHttp\Promise\{closure}()
 5 VENDORPATH\guzzlehttp\promises\src\Promise.php(251): GuzzleHttp\Promise\TaskQueue->run(true)
 6 VENDORPATH\guzzlehttp\promises\src\Promise.php(227): GuzzleHttp\Promise\Promise->invokeWaitFn()
 7 VENDORPATH\guzzlehttp\promises\src\Promise.php(272): GuzzleHttp\Promise\Promise->waitIfPending()
 8 VENDORPATH\guzzlehttp\promises\src\Promise.php(229): GuzzleHttp\Promise\Promise->invokeWaitList()
 9 VENDORPATH\guzzlehttp\promises\src\Promise.php(69): GuzzleHttp\Promise\Promise->waitIfPending()
10 VENDORPATH\guzzlehttp\guzzle\src\Client.php(189): GuzzleHttp\Promise\Promise->wait()
11 VENDORPATH\guzzlehttp\guzzle\src\ClientTrait.php(44): GuzzleHttp\Client->request('GET', '', [...])
12 APPPATH\Controllers\Movie.php(20): GuzzleHttp\Client->get('', [...])
13 SYSTEMPATH\CodeIgniter.php(941): App\Controllers\Movie->index()
14 SYSTEMPATH\CodeIgniter.php(502): CodeIgniter\CodeIgniter->runController(Object(App\Controllers\Movie))
15 SYSTEMPATH\CodeIgniter.php(361): CodeIgniter\CodeIgniter->handleRequest(null, Object(Config\Cache), false)
16 FCPATH\index.php(79): CodeIgniter\CodeIgniter->run()
17 SYSTEMPATH\Commands\Server\rewrite.php(47): require_once('D:\\xampp\\htdocs\\rest-api\\public\\index.php')
CRITICAL - 2024-01-22 08:37:22 --> GuzzleHttp\Exception\ClientException: Client error: `GET http://www.omdbapi.com/?apikey=0&s=batman` resulted in a `401 Unauthorized` response:
{"Response":"False","Error":"Invalid API key!"}

in VENDORPATH\guzzlehttp\guzzle\src\Exception\RequestException.php on line 113.
 1 VENDORPATH\guzzlehttp\guzzle\src\Middleware.php(72): GuzzleHttp\Exception\RequestException::create(Object(GuzzleHttp\Psr7\Request), Object(GuzzleHttp\Psr7\Response), null, [], null)
 2 VENDORPATH\guzzlehttp\promises\src\Promise.php(209): GuzzleHttp\Middleware::GuzzleHttp\{closure}(Object(GuzzleHttp\Psr7\Response))
 3 VENDORPATH\guzzlehttp\promises\src\Promise.php(158): GuzzleHttp\Promise\Promise::callHandler(1, Object(GuzzleHttp\Psr7\Response), null)
 4 VENDORPATH\guzzlehttp\promises\src\TaskQueue.php(52): GuzzleHttp\Promise\Promise::GuzzleHttp\Promise\{closure}()
 5 VENDORPATH\guzzlehttp\promises\src\Promise.php(251): GuzzleHttp\Promise\TaskQueue->run(true)
 6 VENDORPATH\guzzlehttp\promises\src\Promise.php(227): GuzzleHttp\Promise\Promise->invokeWaitFn()
 7 VENDORPATH\guzzlehttp\promises\src\Promise.php(272): GuzzleHttp\Promise\Promise->waitIfPending()
 8 VENDORPATH\guzzlehttp\promises\src\Promise.php(229): GuzzleHttp\Promise\Promise->invokeWaitList()
 9 VENDORPATH\guzzlehttp\promises\src\Promise.php(69): GuzzleHttp\Promise\Promise->waitIfPending()
10 VENDORPATH\guzzlehttp\guzzle\src\Client.php(189): GuzzleHttp\Promise\Promise->wait()
11 VENDORPATH\guzzlehttp\guzzle\src\ClientTrait.php(44): GuzzleHttp\Client->request('GET', '', [...])
12 APPPATH\Controllers\Movie.php(20): GuzzleHttp\Client->get('', [...])
13 SYSTEMPATH\CodeIgniter.php(941): App\Controllers\Movie->index()
14 SYSTEMPATH\CodeIgniter.php(502): CodeIgniter\CodeIgniter->runController(Object(App\Controllers\Movie))
15 SYSTEMPATH\CodeIgniter.php(361): CodeIgniter\CodeIgniter->handleRequest(null, Object(Config\Cache), false)
16 FCPATH\index.php(79): CodeIgniter\CodeIgniter->run()
17 SYSTEMPATH\Commands\Server\rewrite.php(47): require_once('D:\\xampp\\htdocs\\rest-api\\public\\index.php')
CRITICAL - 2024-01-22 08:37:25 --> GuzzleHttp\Exception\ClientException: Client error: `GET http://www.omdbapi.com/?apikey=0&s=batman` resulted in a `401 Unauthorized` response:
{"Response":"False","Error":"Invalid API key!"}

in VENDORPATH\guzzlehttp\guzzle\src\Exception\RequestException.php on line 113.
 1 VENDORPATH\guzzlehttp\guzzle\src\Middleware.php(72): GuzzleHttp\Exception\RequestException::create(Object(GuzzleHttp\Psr7\Request), Object(GuzzleHttp\Psr7\Response), null, [], null)
 2 VENDORPATH\guzzlehttp\promises\src\Promise.php(209): GuzzleHttp\Middleware::GuzzleHttp\{closure}(Object(GuzzleHttp\Psr7\Response))
 3 VENDORPATH\guzzlehttp\promises\src\Promise.php(158): GuzzleHttp\Promise\Promise::callHandler(1, Object(GuzzleHttp\Psr7\Response), null)
 4 VENDORPATH\guzzlehttp\promises\src\TaskQueue.php(52): GuzzleHttp\Promise\Promise::GuzzleHttp\Promise\{closure}()
 5 VENDORPATH\guzzlehttp\promises\src\Promise.php(251): GuzzleHttp\Promise\TaskQueue->run(true)
 6 VENDORPATH\guzzlehttp\promises\src\Promise.php(227): GuzzleHttp\Promise\Promise->invokeWaitFn()
 7 VENDORPATH\guzzlehttp\promises\src\Promise.php(272): GuzzleHttp\Promise\Promise->waitIfPending()
 8 VENDORPATH\guzzlehttp\promises\src\Promise.php(229): GuzzleHttp\Promise\Promise->invokeWaitList()
 9 VENDORPATH\guzzlehttp\promises\src\Promise.php(69): GuzzleHttp\Promise\Promise->waitIfPending()
10 VENDORPATH\guzzlehttp\guzzle\src\Client.php(189): GuzzleHttp\Promise\Promise->wait()
11 VENDORPATH\guzzlehttp\guzzle\src\ClientTrait.php(44): GuzzleHttp\Client->request('GET', '', [...])
12 APPPATH\Controllers\Movie.php(20): GuzzleHttp\Client->get('', [...])
13 SYSTEMPATH\CodeIgniter.php(941): App\Controllers\Movie->index()
14 SYSTEMPATH\CodeIgniter.php(502): CodeIgniter\CodeIgniter->runController(Object(App\Controllers\Movie))
15 SYSTEMPATH\CodeIgniter.php(361): CodeIgniter\CodeIgniter->handleRequest(null, Object(Config\Cache), false)
16 FCPATH\index.php(79): CodeIgniter\CodeIgniter->run()
17 SYSTEMPATH\Commands\Server\rewrite.php(47): require_once('D:\\xampp\\htdocs\\rest-api\\public\\index.php')
CRITICAL - 2024-01-22 09:07:03 --> CodeIgniter\View\Exceptions\ViewException: Invalid file: "template/main.php"
in SYSTEMPATH\Exceptions\FrameworkException.php on line 39.
 1 SYSTEMPATH\View\View.php(216): CodeIgniter\Exceptions\FrameworkException::forInvalidFile('template/main.php')
 2 SYSTEMPATH\View\View.php(244): CodeIgniter\View\View->render('template/main', [], true)
 3 SYSTEMPATH\Common.php(1178): CodeIgniter\View\View->render('movies/index', [], true)
 4 APPPATH\Controllers\Movie.php(29): view('movies/index', [...])
 5 SYSTEMPATH\CodeIgniter.php(941): App\Controllers\Movie->index()
 6 SYSTEMPATH\CodeIgniter.php(502): CodeIgniter\CodeIgniter->runController(Object(App\Controllers\Movie))
 7 SYSTEMPATH\CodeIgniter.php(361): CodeIgniter\CodeIgniter->handleRequest(null, Object(Config\Cache), false)
 8 FCPATH\index.php(79): CodeIgniter\CodeIgniter->run()
 9 SYSTEMPATH\Commands\Server\rewrite.php(47): require_once('D:\\xampp\\htdocs\\rest-api\\public\\index.php')
CRITICAL - 2024-01-22 09:15:08 --> CodeIgniter\View\Exceptions\ViewException: Invalid file: "templates/index.php"
in SYSTEMPATH\Exceptions\FrameworkException.php on line 39.
 1 SYSTEMPATH\View\View.php(216): CodeIgniter\Exceptions\FrameworkException::forInvalidFile('templates/index.php')
 2 SYSTEMPATH\View\View.php(469): CodeIgniter\View\View->render('templates/index', null, true)
 3 APPPATH\Views\movies\index.php(10): CodeIgniter\View\View->include('templates/index')
 4 SYSTEMPATH\View\View.php(228): include('D:\\xampp\\htdocs\\rest-api\\app\\Views\\movies\\index.php')
 5 SYSTEMPATH\View\View.php(231): CodeIgniter\View\View->CodeIgniter\View\{closure}()
 6 SYSTEMPATH\Common.php(1178): CodeIgniter\View\View->render('movies/index', [], true)
 7 APPPATH\Controllers\Movie.php(29): view('movies/index', [...])
 8 SYSTEMPATH\CodeIgniter.php(941): App\Controllers\Movie->index()
 9 SYSTEMPATH\CodeIgniter.php(502): CodeIgniter\CodeIgniter->runController(Object(App\Controllers\Movie))
10 SYSTEMPATH\CodeIgniter.php(361): CodeIgniter\CodeIgniter->handleRequest(null, Object(Config\Cache), false)
11 FCPATH\index.php(79): CodeIgniter\CodeIgniter->run()
12 SYSTEMPATH\Commands\Server\rewrite.php(47): require_once('D:\\xampp\\htdocs\\rest-api\\public\\index.php')
CRITICAL - 2024-01-22 09:35:10 --> ErrorException: Undefined array key "Director"
in APPPATH\Views\movies\index.php on line 19.
 1 APPPATH\Views\movies\index.php(19): CodeIgniter\Debug\Exceptions->errorHandler(2, 'Undefined array key "Director"', 'D:\\xampp\\htdocs\\rest-api\\app\\Views\\movies\\index.php', 19)
 2 SYSTEMPATH\View\View.php(228): include('D:\\xampp\\htdocs\\rest-api\\app\\Views\\movies\\index.php')
 3 SYSTEMPATH\View\View.php(231): CodeIgniter\View\View->CodeIgniter\View\{closure}()
 4 SYSTEMPATH\Common.php(1178): CodeIgniter\View\View->render('movies/index', [], true)
 5 APPPATH\Controllers\Movie.php(29): view('movies/index', [...])
 6 SYSTEMPATH\CodeIgniter.php(941): App\Controllers\Movie->index()
 7 SYSTEMPATH\CodeIgniter.php(502): CodeIgniter\CodeIgniter->runController(Object(App\Controllers\Movie))
 8 SYSTEMPATH\CodeIgniter.php(361): CodeIgniter\CodeIgniter->handleRequest(null, Object(Config\Cache), false)
 9 FCPATH\index.php(79): CodeIgniter\CodeIgniter->run()
10 SYSTEMPATH\Commands\Server\rewrite.php(47): require_once('D:\\xampp\\htdocs\\rest-api\\public\\index.php')
CRITICAL - 2024-01-22 09:35:43 --> ErrorException: Undefined array key "Writer"
in APPPATH\Views\movies\index.php on line 19.
 1 APPPATH\Views\movies\index.php(19): CodeIgniter\Debug\Exceptions->errorHandler(2, 'Undefined array key "Writer"', 'D:\\xampp\\htdocs\\rest-api\\app\\Views\\movies\\index.php', 19)
 2 SYSTEMPATH\View\View.php(228): include('D:\\xampp\\htdocs\\rest-api\\app\\Views\\movies\\index.php')
 3 SYSTEMPATH\View\View.php(231): CodeIgniter\View\View->CodeIgniter\View\{closure}()
 4 SYSTEMPATH\Common.php(1178): CodeIgniter\View\View->render('movies/index', [], true)
 5 APPPATH\Controllers\Movie.php(29): view('movies/index', [...])
 6 SYSTEMPATH\CodeIgniter.php(941): App\Controllers\Movie->index()
 7 SYSTEMPATH\CodeIgniter.php(502): CodeIgniter\CodeIgniter->runController(Object(App\Controllers\Movie))
 8 SYSTEMPATH\CodeIgniter.php(361): CodeIgniter\CodeIgniter->handleRequest(null, Object(Config\Cache), false)
 9 FCPATH\index.php(79): CodeIgniter\CodeIgniter->run()
10 SYSTEMPATH\Commands\Server\rewrite.php(47): require_once('D:\\xampp\\htdocs\\rest-api\\public\\index.php')
CRITICAL - 2024-01-22 09:38:49 --> ErrorException: Undefined array key "Genre"
in APPPATH\Views\movies\index.php on line 19.
 1 APPPATH\Views\movies\index.php(19): CodeIgniter\Debug\Exceptions->errorHandler(2, 'Undefined array key "Genre"', 'D:\\xampp\\htdocs\\rest-api\\app\\Views\\movies\\index.php', 19)
 2 SYSTEMPATH\View\View.php(228): include('D:\\xampp\\htdocs\\rest-api\\app\\Views\\movies\\index.php')
 3 SYSTEMPATH\View\View.php(231): CodeIgniter\View\View->CodeIgniter\View\{closure}()
 4 SYSTEMPATH\Common.php(1178): CodeIgniter\View\View->render('movies/index', [], true)
 5 APPPATH\Controllers\Movie.php(29): view('movies/index', [...])
 6 SYSTEMPATH\CodeIgniter.php(941): App\Controllers\Movie->index()
 7 SYSTEMPATH\CodeIgniter.php(502): CodeIgniter\CodeIgniter->runController(Object(App\Controllers\Movie))
 8 SYSTEMPATH\CodeIgniter.php(361): CodeIgniter\CodeIgniter->handleRequest(null, Object(Config\Cache), false)
 9 FCPATH\index.php(79): CodeIgniter\CodeIgniter->run()
10 SYSTEMPATH\Commands\Server\rewrite.php(47): require_once('D:\\xampp\\htdocs\\rest-api\\public\\index.php')
CRITICAL - 2024-01-22 09:43:21 --> GuzzleHttp\Exception\ConnectException: cURL error 6: Could not resolve host: www.omdbapi.com (see https://curl.haxx.se/libcurl/c/libcurl-errors.html) for http://www.omdbapi.com/?apikey=d41f8c1b
in VENDORPATH\guzzlehttp\guzzle\src\Handler\CurlFactory.php on line 210.
 1 VENDORPATH\guzzlehttp\guzzle\src\Handler\CurlFactory.php(158): GuzzleHttp\Handler\CurlFactory::createRejection(Object(GuzzleHttp\Handler\EasyHandle), [...])
 2 VENDORPATH\guzzlehttp\guzzle\src\Handler\CurlFactory.php(110): GuzzleHttp\Handler\CurlFactory::finishError(Object(GuzzleHttp\Handler\CurlHandler), Object(GuzzleHttp\Handler\EasyHandle), Object(GuzzleHttp\Handler\CurlFactory))
 3 VENDORPATH\guzzlehttp\guzzle\src\Handler\CurlHandler.php(47): GuzzleHttp\Handler\CurlFactory::finish(Object(GuzzleHttp\Handler\CurlHandler), Object(GuzzleHttp\Handler\EasyHandle), Object(GuzzleHttp\Handler\CurlFactory))
 4 VENDORPATH\guzzlehttp\guzzle\src\Handler\Proxy.php(28): GuzzleHttp\Handler\CurlHandler->__invoke(Object(GuzzleHttp\Psr7\Request), [...])
 5 VENDORPATH\guzzlehttp\guzzle\src\Handler\Proxy.php(48): GuzzleHttp\Handler\Proxy::GuzzleHttp\Handler\{closure}(Object(GuzzleHttp\Psr7\Request), [...])
 6 VENDORPATH\guzzlehttp\guzzle\src\PrepareBodyMiddleware.php(35): GuzzleHttp\Handler\Proxy::GuzzleHttp\Handler\{closure}(Object(GuzzleHttp\Psr7\Request), [...])
 7 VENDORPATH\guzzlehttp\guzzle\src\Middleware.php(31): GuzzleHttp\PrepareBodyMiddleware->__invoke(Object(GuzzleHttp\Psr7\Request), [...])
 8 VENDORPATH\guzzlehttp\guzzle\src\RedirectMiddleware.php(71): GuzzleHttp\Middleware::GuzzleHttp\{closure}(Object(GuzzleHttp\Psr7\Request), [...])
 9 VENDORPATH\guzzlehttp\guzzle\src\Middleware.php(66): GuzzleHttp\RedirectMiddleware->__invoke(Object(GuzzleHttp\Psr7\Request), [...])
10 VENDORPATH\guzzlehttp\guzzle\src\HandlerStack.php(75): GuzzleHttp\Middleware::GuzzleHttp\{closure}(Object(GuzzleHttp\Psr7\Request), [...])
11 VENDORPATH\guzzlehttp\guzzle\src\Client.php(333): GuzzleHttp\HandlerStack->__invoke(Object(GuzzleHttp\Psr7\Request), [...])
12 VENDORPATH\guzzlehttp\guzzle\src\Client.php(169): GuzzleHttp\Client->transfer(Object(GuzzleHttp\Psr7\Request), [...])
13 VENDORPATH\guzzlehttp\guzzle\src\Client.php(189): GuzzleHttp\Client->requestAsync('GET', Object(GuzzleHttp\Psr7\Uri), [...])
14 VENDORPATH\guzzlehttp\guzzle\src\ClientTrait.php(44): GuzzleHttp\Client->request('GET', '', [...])
15 APPPATH\Controllers\Movie.php(23): GuzzleHttp\Client->get('', [...])
16 SYSTEMPATH\CodeIgniter.php(941): App\Controllers\Movie->index()
17 SYSTEMPATH\CodeIgniter.php(502): CodeIgniter\CodeIgniter->runController(Object(App\Controllers\Movie))
18 SYSTEMPATH\CodeIgniter.php(361): CodeIgniter\CodeIgniter->handleRequest(null, Object(Config\Cache), false)
19 FCPATH\index.php(79): CodeIgniter\CodeIgniter->run()
20 SYSTEMPATH\Commands\Server\rewrite.php(47): require_once('D:\\xampp\\htdocs\\rest-api\\public\\index.php')
CRITICAL - 2024-01-22 09:43:40 --> GuzzleHttp\Exception\ConnectException: cURL error 6: Could not resolve host: www.omdbapi.com (see https://curl.haxx.se/libcurl/c/libcurl-errors.html) for http://www.omdbapi.com/?apikey=d41f8c1b
in VENDORPATH\guzzlehttp\guzzle\src\Handler\CurlFactory.php on line 210.
 1 VENDORPATH\guzzlehttp\guzzle\src\Handler\CurlFactory.php(158): GuzzleHttp\Handler\CurlFactory::createRejection(Object(GuzzleHttp\Handler\EasyHandle), [...])
 2 VENDORPATH\guzzlehttp\guzzle\src\Handler\CurlFactory.php(110): GuzzleHttp\Handler\CurlFactory::finishError(Object(GuzzleHttp\Handler\CurlHandler), Object(GuzzleHttp\Handler\EasyHandle), Object(GuzzleHttp\Handler\CurlFactory))
 3 VENDORPATH\guzzlehttp\guzzle\src\Handler\CurlHandler.php(47): GuzzleHttp\Handler\CurlFactory::finish(Object(GuzzleHttp\Handler\CurlHandler), Object(GuzzleHttp\Handler\EasyHandle), Object(GuzzleHttp\Handler\CurlFactory))
 4 VENDORPATH\guzzlehttp\guzzle\src\Handler\Proxy.php(28): GuzzleHttp\Handler\CurlHandler->__invoke(Object(GuzzleHttp\Psr7\Request), [...])
 5 VENDORPATH\guzzlehttp\guzzle\src\Handler\Proxy.php(48): GuzzleHttp\Handler\Proxy::GuzzleHttp\Handler\{closure}(Object(GuzzleHttp\Psr7\Request), [...])
 6 VENDORPATH\guzzlehttp\guzzle\src\PrepareBodyMiddleware.php(35): GuzzleHttp\Handler\Proxy::GuzzleHttp\Handler\{closure}(Object(GuzzleHttp\Psr7\Request), [...])
 7 VENDORPATH\guzzlehttp\guzzle\src\Middleware.php(31): GuzzleHttp\PrepareBodyMiddleware->__invoke(Object(GuzzleHttp\Psr7\Request), [...])
 8 VENDORPATH\guzzlehttp\guzzle\src\RedirectMiddleware.php(71): GuzzleHttp\Middleware::GuzzleHttp\{closure}(Object(GuzzleHttp\Psr7\Request), [...])
 9 VENDORPATH\guzzlehttp\guzzle\src\Middleware.php(66): GuzzleHttp\RedirectMiddleware->__invoke(Object(GuzzleHttp\Psr7\Request), [...])
10 VENDORPATH\guzzlehttp\guzzle\src\HandlerStack.php(75): GuzzleHttp\Middleware::GuzzleHttp\{closure}(Object(GuzzleHttp\Psr7\Request), [...])
11 VENDORPATH\guzzlehttp\guzzle\src\Client.php(333): GuzzleHttp\HandlerStack->__invoke(Object(GuzzleHttp\Psr7\Request), [...])
12 VENDORPATH\guzzlehttp\guzzle\src\Client.php(169): GuzzleHttp\Client->transfer(Object(GuzzleHttp\Psr7\Request), [...])
13 VENDORPATH\guzzlehttp\guzzle\src\Client.php(189): GuzzleHttp\Client->requestAsync('GET', Object(GuzzleHttp\Psr7\Uri), [...])
14 VENDORPATH\guzzlehttp\guzzle\src\ClientTrait.php(44): GuzzleHttp\Client->request('GET', '', [...])
15 APPPATH\Controllers\Movie.php(23): GuzzleHttp\Client->get('', [...])
16 SYSTEMPATH\CodeIgniter.php(941): App\Controllers\Movie->index()
17 SYSTEMPATH\CodeIgniter.php(502): CodeIgniter\CodeIgniter->runController(Object(App\Controllers\Movie))
18 SYSTEMPATH\CodeIgniter.php(361): CodeIgniter\CodeIgniter->handleRequest(null, Object(Config\Cache), false)
19 FCPATH\index.php(79): CodeIgniter\CodeIgniter->run()
20 SYSTEMPATH\Commands\Server\rewrite.php(47): require_once('D:\\xampp\\htdocs\\rest-api\\public\\index.php')
CRITICAL - 2024-01-22 09:49:21 --> GuzzleHttp\Exception\ConnectException: cURL error 6: Could not resolve host: www.omdbapi.com (see https://curl.haxx.se/libcurl/c/libcurl-errors.html) for http://www.omdbapi.com/?apikey=d41f8c1b
in VENDORPATH\guzzlehttp\guzzle\src\Handler\CurlFactory.php on line 210.
 1 VENDORPATH\guzzlehttp\guzzle\src\Handler\CurlFactory.php(158): GuzzleHttp\Handler\CurlFactory::createRejection(Object(GuzzleHttp\Handler\EasyHandle), [...])
 2 VENDORPATH\guzzlehttp\guzzle\src\Handler\CurlFactory.php(110): GuzzleHttp\Handler\CurlFactory::finishError(Object(GuzzleHttp\Handler\CurlHandler), Object(GuzzleHttp\Handler\EasyHandle), Object(GuzzleHttp\Handler\CurlFactory))
 3 VENDORPATH\guzzlehttp\guzzle\src\Handler\CurlHandler.php(47): GuzzleHttp\Handler\CurlFactory::finish(Object(GuzzleHttp\Handler\CurlHandler), Object(GuzzleHttp\Handler\EasyHandle), Object(GuzzleHttp\Handler\CurlFactory))
 4 VENDORPATH\guzzlehttp\guzzle\src\Handler\Proxy.php(28): GuzzleHttp\Handler\CurlHandler->__invoke(Object(GuzzleHttp\Psr7\Request), [...])
 5 VENDORPATH\guzzlehttp\guzzle\src\Handler\Proxy.php(48): GuzzleHttp\Handler\Proxy::GuzzleHttp\Handler\{closure}(Object(GuzzleHttp\Psr7\Request), [...])
 6 VENDORPATH\guzzlehttp\guzzle\src\PrepareBodyMiddleware.php(35): GuzzleHttp\Handler\Proxy::GuzzleHttp\Handler\{closure}(Object(GuzzleHttp\Psr7\Request), [...])
 7 VENDORPATH\guzzlehttp\guzzle\src\Middleware.php(31): GuzzleHttp\PrepareBodyMiddleware->__invoke(Object(GuzzleHttp\Psr7\Request), [...])
 8 VENDORPATH\guzzlehttp\guzzle\src\RedirectMiddleware.php(71): GuzzleHttp\Middleware::GuzzleHttp\{closure}(Object(GuzzleHttp\Psr7\Request), [...])
 9 VENDORPATH\guzzlehttp\guzzle\src\Middleware.php(66): GuzzleHttp\RedirectMiddleware->__invoke(Object(GuzzleHttp\Psr7\Request), [...])
10 VENDORPATH\guzzlehttp\guzzle\src\HandlerStack.php(75): GuzzleHttp\Middleware::GuzzleHttp\{closure}(Object(GuzzleHttp\Psr7\Request), [...])
11 VENDORPATH\guzzlehttp\guzzle\src\Client.php(333): GuzzleHttp\HandlerStack->__invoke(Object(GuzzleHttp\Psr7\Request), [...])
12 VENDORPATH\guzzlehttp\guzzle\src\Client.php(169): GuzzleHttp\Client->transfer(Object(GuzzleHttp\Psr7\Request), [...])
13 VENDORPATH\guzzlehttp\guzzle\src\Client.php(189): GuzzleHttp\Client->requestAsync('GET', Object(GuzzleHttp\Psr7\Uri), [...])
14 VENDORPATH\guzzlehttp\guzzle\src\ClientTrait.php(44): GuzzleHttp\Client->request('GET', '', [...])
15 APPPATH\Controllers\Movie.php(23): GuzzleHttp\Client->get('', [...])
16 SYSTEMPATH\CodeIgniter.php(941): App\Controllers\Movie->index()
17 SYSTEMPATH\CodeIgniter.php(502): CodeIgniter\CodeIgniter->runController(Object(App\Controllers\Movie))
18 SYSTEMPATH\CodeIgniter.php(361): CodeIgniter\CodeIgniter->handleRequest(null, Object(Config\Cache), false)
19 FCPATH\index.php(79): CodeIgniter\CodeIgniter->run()
20 SYSTEMPATH\Commands\Server\rewrite.php(47): require_once('D:\\xampp\\htdocs\\rest-api\\public\\index.php')
CRITICAL - 2024-01-22 09:49:35 --> GuzzleHttp\Exception\ConnectException: cURL error 6: Could not resolve host: www.omdbapi.com (see https://curl.haxx.se/libcurl/c/libcurl-errors.html) for http://www.omdbapi.com/?apikey=d41f8c1b
in VENDORPATH\guzzlehttp\guzzle\src\Handler\CurlFactory.php on line 210.
 1 VENDORPATH\guzzlehttp\guzzle\src\Handler\CurlFactory.php(158): GuzzleHttp\Handler\CurlFactory::createRejection(Object(GuzzleHttp\Handler\EasyHandle), [...])
 2 VENDORPATH\guzzlehttp\guzzle\src\Handler\CurlFactory.php(110): GuzzleHttp\Handler\CurlFactory::finishError(Object(GuzzleHttp\Handler\CurlHandler), Object(GuzzleHttp\Handler\EasyHandle), Object(GuzzleHttp\Handler\CurlFactory))
 3 VENDORPATH\guzzlehttp\guzzle\src\Handler\CurlHandler.php(47): GuzzleHttp\Handler\CurlFactory::finish(Object(GuzzleHttp\Handler\CurlHandler), Object(GuzzleHttp\Handler\EasyHandle), Object(GuzzleHttp\Handler\CurlFactory))
 4 VENDORPATH\guzzlehttp\guzzle\src\Handler\Proxy.php(28): GuzzleHttp\Handler\CurlHandler->__invoke(Object(GuzzleHttp\Psr7\Request), [...])
 5 VENDORPATH\guzzlehttp\guzzle\src\Handler\Proxy.php(48): GuzzleHttp\Handler\Proxy::GuzzleHttp\Handler\{closure}(Object(GuzzleHttp\Psr7\Request), [...])
 6 VENDORPATH\guzzlehttp\guzzle\src\PrepareBodyMiddleware.php(35): GuzzleHttp\Handler\Proxy::GuzzleHttp\Handler\{closure}(Object(GuzzleHttp\Psr7\Request), [...])
 7 VENDORPATH\guzzlehttp\guzzle\src\Middleware.php(31): GuzzleHttp\PrepareBodyMiddleware->__invoke(Object(GuzzleHttp\Psr7\Request), [...])
 8 VENDORPATH\guzzlehttp\guzzle\src\RedirectMiddleware.php(71): GuzzleHttp\Middleware::GuzzleHttp\{closure}(Object(GuzzleHttp\Psr7\Request), [...])
 9 VENDORPATH\guzzlehttp\guzzle\src\Middleware.php(66): GuzzleHttp\RedirectMiddleware->__invoke(Object(GuzzleHttp\Psr7\Request), [...])
10 VENDORPATH\guzzlehttp\guzzle\src\HandlerStack.php(75): GuzzleHttp\Middleware::GuzzleHttp\{closure}(Object(GuzzleHttp\Psr7\Request), [...])
11 VENDORPATH\guzzlehttp\guzzle\src\Client.php(333): GuzzleHttp\HandlerStack->__invoke(Object(GuzzleHttp\Psr7\Request), [...])
12 VENDORPATH\guzzlehttp\guzzle\src\Client.php(169): GuzzleHttp\Client->transfer(Object(GuzzleHttp\Psr7\Request), [...])
13 VENDORPATH\guzzlehttp\guzzle\src\Client.php(189): GuzzleHttp\Client->requestAsync('GET', Object(GuzzleHttp\Psr7\Uri), [...])
14 VENDORPATH\guzzlehttp\guzzle\src\ClientTrait.php(44): GuzzleHttp\Client->request('GET', '', [...])
15 APPPATH\Controllers\Movie.php(23): GuzzleHttp\Client->get('', [...])
16 SYSTEMPATH\CodeIgniter.php(941): App\Controllers\Movie->index()
17 SYSTEMPATH\CodeIgniter.php(502): CodeIgniter\CodeIgniter->runController(Object(App\Controllers\Movie))
18 SYSTEMPATH\CodeIgniter.php(361): CodeIgniter\CodeIgniter->handleRequest(null, Object(Config\Cache), false)
19 FCPATH\index.php(79): CodeIgniter\CodeIgniter->run()
20 SYSTEMPATH\Commands\Server\rewrite.php(47): require_once('D:\\xampp\\htdocs\\rest-api\\public\\index.php')
