CRITICAL - 2024-01-24 05:32:30 --> ErrorException: Undefined variable $film
in APPPATH\Views\movies\index.php on line 42.
 1 APPPATH\Views\movies\index.php(42): CodeIgniter\Debug\Exceptions->errorHandler(2, 'Undefined variable $film', 'D:\\xampp\\htdocs\\rest-api\\app\\Views\\movies\\index.php', 42)
 2 SYSTEMPATH\View\View.php(228): include('D:\\xampp\\htdocs\\rest-api\\app\\Views\\movies\\index.php')
 3 SYSTEMPATH\View\View.php(231): CodeIgniter\View\View->CodeIgniter\View\{closure}()
 4 SYSTEMPATH\Common.php(1178): CodeIgniter\View\View->render('movies/index', [], true)
 5 APPPATH\Controllers\Movie.php(29): view('movies/index', [...])
 6 SYSTEMPATH\CodeIgniter.php(941): App\Controllers\Movie->index()
 7 SYSTEMPATH\CodeIgniter.php(502): CodeIgniter\CodeIgniter->runController(Object(App\Controllers\Movie))
 8 SYSTEMPATH\CodeIgniter.php(361): CodeIgniter\CodeIgniter->handleRequest(null, Object(Config\Cache), false)
 9 FCPATH\index.php(79): CodeIgniter\CodeIgniter->run()
10 SYSTEMPATH\Commands\Server\rewrite.php(47): require_once('D:\\xampp\\htdocs\\rest-api\\public\\index.php')
CRITICAL - 2024-01-24 05:32:44 --> ErrorException: Undefined array key "Title"
in APPPATH\Views\movies\index.php on line 42.
 1 APPPATH\Views\movies\index.php(42): CodeIgniter\Debug\Exceptions->errorHandler(2, 'Undefined array key "Title"', 'D:\\xampp\\htdocs\\rest-api\\app\\Views\\movies\\index.php', 42)
 2 SYSTEMPATH\View\View.php(228): include('D:\\xampp\\htdocs\\rest-api\\app\\Views\\movies\\index.php')
 3 SYSTEMPATH\View\View.php(231): CodeIgniter\View\View->CodeIgniter\View\{closure}()
 4 SYSTEMPATH\Common.php(1178): CodeIgniter\View\View->render('movies/index', [], true)
 5 APPPATH\Controllers\Movie.php(29): view('movies/index', [...])
 6 SYSTEMPATH\CodeIgniter.php(941): App\Controllers\Movie->index()
 7 SYSTEMPATH\CodeIgniter.php(502): CodeIgniter\CodeIgniter->runController(Object(App\Controllers\Movie))
 8 SYSTEMPATH\CodeIgniter.php(361): CodeIgniter\CodeIgniter->handleRequest(null, Object(Config\Cache), false)
 9 FCPATH\index.php(79): CodeIgniter\CodeIgniter->run()
10 SYSTEMPATH\Commands\Server\rewrite.php(47): require_once('D:\\xampp\\htdocs\\rest-api\\public\\index.php')
CRITICAL - 2024-01-24 05:33:03 --> ErrorException: Undefined variable $film
in APPPATH\Views\movies\index.php on line 42.
 1 APPPATH\Views\movies\index.php(42): CodeIgniter\Debug\Exceptions->errorHandler(2, 'Undefined variable $film', 'D:\\xampp\\htdocs\\rest-api\\app\\Views\\movies\\index.php', 42)
 2 SYSTEMPATH\View\View.php(228): include('D:\\xampp\\htdocs\\rest-api\\app\\Views\\movies\\index.php')
 3 SYSTEMPATH\View\View.php(231): CodeIgniter\View\View->CodeIgniter\View\{closure}()
 4 SYSTEMPATH\Common.php(1178): CodeIgniter\View\View->render('movies/index', [], true)
 5 APPPATH\Controllers\Movie.php(29): view('movies/index', [...])
 6 SYSTEMPATH\CodeIgniter.php(941): App\Controllers\Movie->index()
 7 SYSTEMPATH\CodeIgniter.php(502): CodeIgniter\CodeIgniter->runController(Object(App\Controllers\Movie))
 8 SYSTEMPATH\CodeIgniter.php(361): CodeIgniter\CodeIgniter->handleRequest(null, Object(Config\Cache), false)
 9 FCPATH\index.php(79): CodeIgniter\CodeIgniter->run()
10 SYSTEMPATH\Commands\Server\rewrite.php(47): require_once('D:\\xampp\\htdocs\\rest-api\\public\\index.php')
CRITICAL - 2024-01-24 05:33:12 --> ErrorException: Undefined variable $film
in APPPATH\Views\movies\index.php on line 44.
 1 APPPATH\Views\movies\index.php(44): CodeIgniter\Debug\Exceptions->errorHandler(2, 'Undefined variable $film', 'D:\\xampp\\htdocs\\rest-api\\app\\Views\\movies\\index.php', 44)
 2 SYSTEMPATH\View\View.php(228): include('D:\\xampp\\htdocs\\rest-api\\app\\Views\\movies\\index.php')
 3 SYSTEMPATH\View\View.php(231): CodeIgniter\View\View->CodeIgniter\View\{closure}()
 4 SYSTEMPATH\Common.php(1178): CodeIgniter\View\View->render('movies/index', [], true)
 5 APPPATH\Controllers\Movie.php(29): view('movies/index', [...])
 6 SYSTEMPATH\CodeIgniter.php(941): App\Controllers\Movie->index()
 7 SYSTEMPATH\CodeIgniter.php(502): CodeIgniter\CodeIgniter->runController(Object(App\Controllers\Movie))
 8 SYSTEMPATH\CodeIgniter.php(361): CodeIgniter\CodeIgniter->handleRequest(null, Object(Config\Cache), false)
 9 FCPATH\index.php(79): CodeIgniter\CodeIgniter->run()
10 SYSTEMPATH\Commands\Server\rewrite.php(47): require_once('D:\\xampp\\htdocs\\rest-api\\public\\index.php')
CRITICAL - 2024-01-24 05:46:06 --> ErrorException: Undefined array key "Title"
in APPPATH\Views\movies\play.php on line 38.
 1 APPPATH\Views\movies\play.php(38): CodeIgniter\Debug\Exceptions->errorHandler(2, 'Undefined array key "Title"', 'D:\\xampp\\htdocs\\rest-api\\app\\Views\\movies\\play.php', 38)
 2 SYSTEMPATH\View\View.php(228): include('D:\\xampp\\htdocs\\rest-api\\app\\Views\\movies\\play.php')
 3 SYSTEMPATH\View\View.php(231): CodeIgniter\View\View->CodeIgniter\View\{closure}()
 4 SYSTEMPATH\Common.php(1178): CodeIgniter\View\View->render('movies/play', [], true)
 5 APPPATH\Controllers\PlayController.php(24): view('movies/play', [...])
 6 SYSTEMPATH\CodeIgniter.php(941): App\Controllers\PlayController->index('assets', 'img', 'favicon.png')
 7 SYSTEMPATH\CodeIgniter.php(502): CodeIgniter\CodeIgniter->runController(Object(App\Controllers\PlayController))
 8 SYSTEMPATH\CodeIgniter.php(361): CodeIgniter\CodeIgniter->handleRequest(null, Object(Config\Cache), false)
 9 FCPATH\index.php(79): CodeIgniter\CodeIgniter->run()
10 SYSTEMPATH\Commands\Server\rewrite.php(47): require_once('D:\\xampp\\htdocs\\rest-api\\public\\index.php')
CRITICAL - 2024-01-24 05:46:56 --> ErrorException: Undefined array key "Title"
in APPPATH\Views\movies\play.php on line 38.
 1 APPPATH\Views\movies\play.php(38): CodeIgniter\Debug\Exceptions->errorHandler(2, 'Undefined array key "Title"', 'D:\\xampp\\htdocs\\rest-api\\app\\Views\\movies\\play.php', 38)
 2 SYSTEMPATH\View\View.php(228): include('D:\\xampp\\htdocs\\rest-api\\app\\Views\\movies\\play.php')
 3 SYSTEMPATH\View\View.php(231): CodeIgniter\View\View->CodeIgniter\View\{closure}()
 4 SYSTEMPATH\Common.php(1178): CodeIgniter\View\View->render('movies/play', [], true)
 5 APPPATH\Controllers\PlayController.php(24): view('movies/play', [...])
 6 SYSTEMPATH\CodeIgniter.php(941): App\Controllers\PlayController->index('assets', 'img', 'favicon.png')
 7 SYSTEMPATH\CodeIgniter.php(502): CodeIgniter\CodeIgniter->runController(Object(App\Controllers\PlayController))
 8 SYSTEMPATH\CodeIgniter.php(361): CodeIgniter\CodeIgniter->handleRequest(null, Object(Config\Cache), false)
 9 FCPATH\index.php(79): CodeIgniter\CodeIgniter->run()
10 SYSTEMPATH\Commands\Server\rewrite.php(47): require_once('D:\\xampp\\htdocs\\rest-api\\public\\index.php')
CRITICAL - 2024-01-24 05:47:08 --> ErrorException: Undefined array key "Title"
in APPPATH\Views\movies\play.php on line 38.
 1 APPPATH\Views\movies\play.php(38): CodeIgniter\Debug\Exceptions->errorHandler(2, 'Undefined array key "Title"', 'D:\\xampp\\htdocs\\rest-api\\app\\Views\\movies\\play.php', 38)
 2 SYSTEMPATH\View\View.php(228): include('D:\\xampp\\htdocs\\rest-api\\app\\Views\\movies\\play.php')
 3 SYSTEMPATH\View\View.php(231): CodeIgniter\View\View->CodeIgniter\View\{closure}()
 4 SYSTEMPATH\Common.php(1178): CodeIgniter\View\View->render('movies/play', [], true)
 5 APPPATH\Controllers\PlayController.php(24): view('movies/play', [...])
 6 SYSTEMPATH\CodeIgniter.php(941): App\Controllers\PlayController->index('assets', 'img', 'favicon.png')
 7 SYSTEMPATH\CodeIgniter.php(502): CodeIgniter\CodeIgniter->runController(Object(App\Controllers\PlayController))
 8 SYSTEMPATH\CodeIgniter.php(361): CodeIgniter\CodeIgniter->handleRequest(null, Object(Config\Cache), false)
 9 FCPATH\index.php(79): CodeIgniter\CodeIgniter->run()
10 SYSTEMPATH\Commands\Server\rewrite.php(47): require_once('D:\\xampp\\htdocs\\rest-api\\public\\index.php')
CRITICAL - 2024-01-24 05:50:33 --> ErrorException: Undefined array key "Title"
in APPPATH\Views\movies\play.php on line 38.
 1 APPPATH\Views\movies\play.php(38): CodeIgniter\Debug\Exceptions->errorHandler(2, 'Undefined array key "Title"', 'D:\\xampp\\htdocs\\rest-api\\app\\Views\\movies\\play.php', 38)
 2 SYSTEMPATH\View\View.php(228): include('D:\\xampp\\htdocs\\rest-api\\app\\Views\\movies\\play.php')
 3 SYSTEMPATH\View\View.php(231): CodeIgniter\View\View->CodeIgniter\View\{closure}()
 4 SYSTEMPATH\Common.php(1178): CodeIgniter\View\View->render('movies/play', [], true)
 5 APPPATH\Controllers\PlayController.php(24): view('movies/play', [...])
 6 SYSTEMPATH\CodeIgniter.php(941): App\Controllers\PlayController->index('assets', 'img', 'favicon.png')
 7 SYSTEMPATH\CodeIgniter.php(502): CodeIgniter\CodeIgniter->runController(Object(App\Controllers\PlayController))
 8 SYSTEMPATH\CodeIgniter.php(361): CodeIgniter\CodeIgniter->handleRequest(null, Object(Config\Cache), false)
 9 FCPATH\index.php(79): CodeIgniter\CodeIgniter->run()
10 SYSTEMPATH\Commands\Server\rewrite.php(47): require_once('D:\\xampp\\htdocs\\rest-api\\public\\index.php')
CRITICAL - 2024-01-24 05:52:17 --> ErrorException: Undefined array key "Title"
in APPPATH\Views\movies\play.php on line 38.
 1 APPPATH\Views\movies\play.php(38): CodeIgniter\Debug\Exceptions->errorHandler(2, 'Undefined array key "Title"', 'D:\\xampp\\htdocs\\rest-api\\app\\Views\\movies\\play.php', 38)
 2 SYSTEMPATH\View\View.php(228): include('D:\\xampp\\htdocs\\rest-api\\app\\Views\\movies\\play.php')
 3 SYSTEMPATH\View\View.php(231): CodeIgniter\View\View->CodeIgniter\View\{closure}()
 4 SYSTEMPATH\Common.php(1178): CodeIgniter\View\View->render('movies/play', [], true)
 5 APPPATH\Controllers\PlayController.php(24): view('movies/play', [...])
 6 SYSTEMPATH\CodeIgniter.php(941): App\Controllers\PlayController->index('assets', 'img', 'favicon.png')
 7 SYSTEMPATH\CodeIgniter.php(502): CodeIgniter\CodeIgniter->runController(Object(App\Controllers\PlayController))
 8 SYSTEMPATH\CodeIgniter.php(361): CodeIgniter\CodeIgniter->handleRequest(null, Object(Config\Cache), false)
 9 FCPATH\index.php(79): CodeIgniter\CodeIgniter->run()
10 SYSTEMPATH\Commands\Server\rewrite.php(47): require_once('D:\\xampp\\htdocs\\rest-api\\public\\index.php')
CRITICAL - 2024-01-24 05:56:27 --> ErrorException: Undefined array key "Title"
in APPPATH\Views\movies\play.php on line 37.
 1 APPPATH\Views\movies\play.php(37): CodeIgniter\Debug\Exceptions->errorHandler(2, 'Undefined array key "Title"', 'D:\\xampp\\htdocs\\rest-api\\app\\Views\\movies\\play.php', 37)
 2 SYSTEMPATH\View\View.php(228): include('D:\\xampp\\htdocs\\rest-api\\app\\Views\\movies\\play.php')
 3 SYSTEMPATH\View\View.php(231): CodeIgniter\View\View->CodeIgniter\View\{closure}()
 4 SYSTEMPATH\Common.php(1178): CodeIgniter\View\View->render('movies/play', [], true)
 5 APPPATH\Controllers\PlayController.php(24): view('movies/play', [...])
 6 SYSTEMPATH\CodeIgniter.php(941): App\Controllers\PlayController->index('assets', 'img', 'favicon.png')
 7 SYSTEMPATH\CodeIgniter.php(502): CodeIgniter\CodeIgniter->runController(Object(App\Controllers\PlayController))
 8 SYSTEMPATH\CodeIgniter.php(361): CodeIgniter\CodeIgniter->handleRequest(null, Object(Config\Cache), false)
 9 FCPATH\index.php(79): CodeIgniter\CodeIgniter->run()
10 SYSTEMPATH\Commands\Server\rewrite.php(47): require_once('D:\\xampp\\htdocs\\rest-api\\public\\index.php')
CRITICAL - 2024-01-24 05:56:47 --> ErrorException: Undefined array key "Title"
in APPPATH\Views\movies\play.php on line 37.
 1 APPPATH\Views\movies\play.php(37): CodeIgniter\Debug\Exceptions->errorHandler(2, 'Undefined array key "Title"', 'D:\\xampp\\htdocs\\rest-api\\app\\Views\\movies\\play.php', 37)
 2 SYSTEMPATH\View\View.php(228): include('D:\\xampp\\htdocs\\rest-api\\app\\Views\\movies\\play.php')
 3 SYSTEMPATH\View\View.php(231): CodeIgniter\View\View->CodeIgniter\View\{closure}()
 4 SYSTEMPATH\Common.php(1178): CodeIgniter\View\View->render('movies/play', [], true)
 5 APPPATH\Controllers\PlayController.php(24): view('movies/play', [...])
 6 SYSTEMPATH\CodeIgniter.php(941): App\Controllers\PlayController->index('assets', 'img', 'favicon.png')
 7 SYSTEMPATH\CodeIgniter.php(502): CodeIgniter\CodeIgniter->runController(Object(App\Controllers\PlayController))
 8 SYSTEMPATH\CodeIgniter.php(361): CodeIgniter\CodeIgniter->handleRequest(null, Object(Config\Cache), false)
 9 FCPATH\index.php(79): CodeIgniter\CodeIgniter->run()
10 SYSTEMPATH\Commands\Server\rewrite.php(47): require_once('D:\\xampp\\htdocs\\rest-api\\public\\index.php')
CRITICAL - 2024-01-24 06:00:14 --> ErrorException: Undefined array key "Title"
in APPPATH\Views\movies\play.php on line 37.
 1 APPPATH\Views\movies\play.php(37): CodeIgniter\Debug\Exceptions->errorHandler(2, 'Undefined array key "Title"', 'D:\\xampp\\htdocs\\rest-api\\app\\Views\\movies\\play.php', 37)
 2 SYSTEMPATH\View\View.php(228): include('D:\\xampp\\htdocs\\rest-api\\app\\Views\\movies\\play.php')
 3 SYSTEMPATH\View\View.php(231): CodeIgniter\View\View->CodeIgniter\View\{closure}()
 4 SYSTEMPATH\Common.php(1178): CodeIgniter\View\View->render('movies/play', [], true)
 5 APPPATH\Controllers\PlayController.php(24): view('movies/play', [...])
 6 SYSTEMPATH\CodeIgniter.php(941): App\Controllers\PlayController->index('assets', 'img', 'favicon.png')
 7 SYSTEMPATH\CodeIgniter.php(502): CodeIgniter\CodeIgniter->runController(Object(App\Controllers\PlayController))
 8 SYSTEMPATH\CodeIgniter.php(361): CodeIgniter\CodeIgniter->handleRequest(null, Object(Config\Cache), false)
 9 FCPATH\index.php(79): CodeIgniter\CodeIgniter->run()
10 SYSTEMPATH\Commands\Server\rewrite.php(47): require_once('D:\\xampp\\htdocs\\rest-api\\public\\index.php')
CRITICAL - 2024-01-24 06:00:34 --> ErrorException: Undefined array key "Title"
in APPPATH\Views\movies\play.php on line 37.
 1 APPPATH\Views\movies\play.php(37): CodeIgniter\Debug\Exceptions->errorHandler(2, 'Undefined array key "Title"', 'D:\\xampp\\htdocs\\rest-api\\app\\Views\\movies\\play.php', 37)
 2 SYSTEMPATH\View\View.php(228): include('D:\\xampp\\htdocs\\rest-api\\app\\Views\\movies\\play.php')
 3 SYSTEMPATH\View\View.php(231): CodeIgniter\View\View->CodeIgniter\View\{closure}()
 4 SYSTEMPATH\Common.php(1178): CodeIgniter\View\View->render('movies/play', [], true)
 5 APPPATH\Controllers\PlayController.php(24): view('movies/play', [...])
 6 SYSTEMPATH\CodeIgniter.php(941): App\Controllers\PlayController->index('assets', 'img', 'favicon.png')
 7 SYSTEMPATH\CodeIgniter.php(502): CodeIgniter\CodeIgniter->runController(Object(App\Controllers\PlayController))
 8 SYSTEMPATH\CodeIgniter.php(361): CodeIgniter\CodeIgniter->handleRequest(null, Object(Config\Cache), false)
 9 FCPATH\index.php(79): CodeIgniter\CodeIgniter->run()
10 SYSTEMPATH\Commands\Server\rewrite.php(47): require_once('D:\\xampp\\htdocs\\rest-api\\public\\index.php')
CRITICAL - 2024-01-24 06:01:35 --> ErrorException: Undefined array key "Title"
in APPPATH\Views\movies\play.php on line 37.
 1 APPPATH\Views\movies\play.php(37): CodeIgniter\Debug\Exceptions->errorHandler(2, 'Undefined array key "Title"', 'D:\\xampp\\htdocs\\rest-api\\app\\Views\\movies\\play.php', 37)
 2 SYSTEMPATH\View\View.php(228): include('D:\\xampp\\htdocs\\rest-api\\app\\Views\\movies\\play.php')
 3 SYSTEMPATH\View\View.php(231): CodeIgniter\View\View->CodeIgniter\View\{closure}()
 4 SYSTEMPATH\Common.php(1178): CodeIgniter\View\View->render('movies/play', [], true)
 5 APPPATH\Controllers\PlayController.php(24): view('movies/play', [...])
 6 SYSTEMPATH\CodeIgniter.php(941): App\Controllers\PlayController->index('assets', 'img', 'favicon.png')
 7 SYSTEMPATH\CodeIgniter.php(502): CodeIgniter\CodeIgniter->runController(Object(App\Controllers\PlayController))
 8 SYSTEMPATH\CodeIgniter.php(361): CodeIgniter\CodeIgniter->handleRequest(null, Object(Config\Cache), false)
 9 FCPATH\index.php(79): CodeIgniter\CodeIgniter->run()
10 SYSTEMPATH\Commands\Server\rewrite.php(47): require_once('D:\\xampp\\htdocs\\rest-api\\public\\index.php')
CRITICAL - 2024-01-24 06:01:57 --> ErrorException: Undefined array key "Title"
in APPPATH\Views\movies\play.php on line 13.
 1 APPPATH\Views\movies\play.php(13): CodeIgniter\Debug\Exceptions->errorHandler(2, 'Undefined array key "Title"', 'D:\\xampp\\htdocs\\rest-api\\app\\Views\\movies\\play.php', 13)
 2 SYSTEMPATH\View\View.php(228): include('D:\\xampp\\htdocs\\rest-api\\app\\Views\\movies\\play.php')
 3 SYSTEMPATH\View\View.php(231): CodeIgniter\View\View->CodeIgniter\View\{closure}()
 4 SYSTEMPATH\Common.php(1178): CodeIgniter\View\View->render('movies/play', [], true)
 5 APPPATH\Controllers\PlayController.php(24): view('movies/play', [...])
 6 SYSTEMPATH\CodeIgniter.php(941): App\Controllers\PlayController->index('assets', 'img', 'favicon.png')
 7 SYSTEMPATH\CodeIgniter.php(502): CodeIgniter\CodeIgniter->runController(Object(App\Controllers\PlayController))
 8 SYSTEMPATH\CodeIgniter.php(361): CodeIgniter\CodeIgniter->handleRequest(null, Object(Config\Cache), false)
 9 FCPATH\index.php(79): CodeIgniter\CodeIgniter->run()
10 SYSTEMPATH\Commands\Server\rewrite.php(47): require_once('D:\\xampp\\htdocs\\rest-api\\public\\index.php')
CRITICAL - 2024-01-24 06:04:47 --> ErrorException: Undefined array key "Title"
in APPPATH\Views\movies\play.php on line 13.
 1 APPPATH\Views\movies\play.php(13): CodeIgniter\Debug\Exceptions->errorHandler(2, 'Undefined array key "Title"', 'D:\\xampp\\htdocs\\rest-api\\app\\Views\\movies\\play.php', 13)
 2 SYSTEMPATH\View\View.php(228): include('D:\\xampp\\htdocs\\rest-api\\app\\Views\\movies\\play.php')
 3 SYSTEMPATH\View\View.php(231): CodeIgniter\View\View->CodeIgniter\View\{closure}()
 4 SYSTEMPATH\Common.php(1178): CodeIgniter\View\View->render('movies/play', [], true)
 5 APPPATH\Controllers\PlayController.php(24): view('movies/play', [...])
 6 SYSTEMPATH\CodeIgniter.php(941): App\Controllers\PlayController->index('assets', 'img', 'favicon.png')
 7 SYSTEMPATH\CodeIgniter.php(502): CodeIgniter\CodeIgniter->runController(Object(App\Controllers\PlayController))
 8 SYSTEMPATH\CodeIgniter.php(361): CodeIgniter\CodeIgniter->handleRequest(null, Object(Config\Cache), false)
 9 FCPATH\index.php(79): CodeIgniter\CodeIgniter->run()
10 SYSTEMPATH\Commands\Server\rewrite.php(47): require_once('D:\\xampp\\htdocs\\rest-api\\public\\index.php')
CRITICAL - 2024-01-24 06:06:05 --> ErrorException: Undefined array key "Title"
in APPPATH\Views\movies\play.php on line 13.
 1 APPPATH\Views\movies\play.php(13): CodeIgniter\Debug\Exceptions->errorHandler(2, 'Undefined array key "Title"', 'D:\\xampp\\htdocs\\rest-api\\app\\Views\\movies\\play.php', 13)
 2 SYSTEMPATH\View\View.php(228): include('D:\\xampp\\htdocs\\rest-api\\app\\Views\\movies\\play.php')
 3 SYSTEMPATH\View\View.php(231): CodeIgniter\View\View->CodeIgniter\View\{closure}()
 4 SYSTEMPATH\Common.php(1178): CodeIgniter\View\View->render('movies/play', [], true)
 5 APPPATH\Controllers\PlayController.php(24): view('movies/play', [...])
 6 SYSTEMPATH\CodeIgniter.php(941): App\Controllers\PlayController->index('assets', 'img', 'favicon.png')
 7 SYSTEMPATH\CodeIgniter.php(502): CodeIgniter\CodeIgniter->runController(Object(App\Controllers\PlayController))
 8 SYSTEMPATH\CodeIgniter.php(361): CodeIgniter\CodeIgniter->handleRequest(null, Object(Config\Cache), false)
 9 FCPATH\index.php(79): CodeIgniter\CodeIgniter->run()
10 SYSTEMPATH\Commands\Server\rewrite.php(47): require_once('D:\\xampp\\htdocs\\rest-api\\public\\index.php')
CRITICAL - 2024-01-24 06:16:54 --> GuzzleHttp\Exception\ConnectException: cURL error 6: Could not resolve host: www.omdbapi.com (see https://curl.haxx.se/libcurl/c/libcurl-errors.html) for http://www.omdbapi.com/?apikey=d41f8c1b
in VENDORPATH\guzzlehttp\guzzle\src\Handler\CurlFactory.php on line 210.
 1 VENDORPATH\guzzlehttp\guzzle\src\Handler\CurlFactory.php(158): GuzzleHttp\Handler\CurlFactory::createRejection(Object(GuzzleHttp\Handler\EasyHandle), [...])
 2 VENDORPATH\guzzlehttp\guzzle\src\Handler\CurlFactory.php(110): GuzzleHttp\Handler\CurlFactory::finishError(Object(GuzzleHttp\Handler\CurlHandler), Object(GuzzleHttp\Handler\EasyHandle), Object(GuzzleHttp\Handler\CurlFactory))
 3 VENDORPATH\guzzlehttp\guzzle\src\Handler\CurlHandler.php(47): GuzzleHttp\Handler\CurlFactory::finish(Object(GuzzleHttp\Handler\CurlHandler), Object(GuzzleHttp\Handler\EasyHandle), Object(GuzzleHttp\Handler\CurlFactory))
 4 VENDORPATH\guzzlehttp\guzzle\src\Handler\Proxy.php(28): GuzzleHttp\Handler\CurlHandler->__invoke(Object(GuzzleHttp\Psr7\Request), [...])
 5 VENDORPATH\guzzlehttp\guzzle\src\Handler\Proxy.php(48): GuzzleHttp\Handler\Proxy::GuzzleHttp\Handler\{closure}(Object(GuzzleHttp\Psr7\Request), [...])
 6 VENDORPATH\guzzlehttp\guzzle\src\PrepareBodyMiddleware.php(35): GuzzleHttp\Handler\Proxy::GuzzleHttp\Handler\{closure}(Object(GuzzleHttp\Psr7\Request), [...])
 7 VENDORPATH\guzzlehttp\guzzle\src\Middleware.php(31): GuzzleHttp\PrepareBodyMiddleware->__invoke(Object(GuzzleHttp\Psr7\Request), [...])
 8 VENDORPATH\guzzlehttp\guzzle\src\RedirectMiddleware.php(71): GuzzleHttp\Middleware::GuzzleHttp\{closure}(Object(GuzzleHttp\Psr7\Request), [...])
 9 VENDORPATH\guzzlehttp\guzzle\src\Middleware.php(66): GuzzleHttp\RedirectMiddleware->__invoke(Object(GuzzleHttp\Psr7\Request), [...])
10 VENDORPATH\guzzlehttp\guzzle\src\HandlerStack.php(75): GuzzleHttp\Middleware::GuzzleHttp\{closure}(Object(GuzzleHttp\Psr7\Request), [...])
11 VENDORPATH\guzzlehttp\guzzle\src\Client.php(333): GuzzleHttp\HandlerStack->__invoke(Object(GuzzleHttp\Psr7\Request), [...])
12 VENDORPATH\guzzlehttp\guzzle\src\Client.php(169): GuzzleHttp\Client->transfer(Object(GuzzleHttp\Psr7\Request), [...])
13 VENDORPATH\guzzlehttp\guzzle\src\Client.php(189): GuzzleHttp\Client->requestAsync('GET', Object(GuzzleHttp\Psr7\Uri), [...])
14 VENDORPATH\guzzlehttp\guzzle\src\ClientTrait.php(44): GuzzleHttp\Client->request('GET', '', [...])
15 APPPATH\Controllers\Movie.php(23): GuzzleHttp\Client->get('', [...])
16 SYSTEMPATH\CodeIgniter.php(941): App\Controllers\Movie->index()
17 SYSTEMPATH\CodeIgniter.php(502): CodeIgniter\CodeIgniter->runController(Object(App\Controllers\Movie))
18 SYSTEMPATH\CodeIgniter.php(361): CodeIgniter\CodeIgniter->handleRequest(null, Object(Config\Cache), false)
19 FCPATH\index.php(79): CodeIgniter\CodeIgniter->run()
20 SYSTEMPATH\Commands\Server\rewrite.php(47): require_once('D:\\xampp\\htdocs\\rest-api\\public\\index.php')
CRITICAL - 2024-01-24 06:17:07 --> GuzzleHttp\Exception\ConnectException: cURL error 6: Could not resolve host: www.omdbapi.com (see https://curl.haxx.se/libcurl/c/libcurl-errors.html) for http://www.omdbapi.com/?apikey=d41f8c1b
in VENDORPATH\guzzlehttp\guzzle\src\Handler\CurlFactory.php on line 210.
 1 VENDORPATH\guzzlehttp\guzzle\src\Handler\CurlFactory.php(158): GuzzleHttp\Handler\CurlFactory::createRejection(Object(GuzzleHttp\Handler\EasyHandle), [...])
 2 VENDORPATH\guzzlehttp\guzzle\src\Handler\CurlFactory.php(110): GuzzleHttp\Handler\CurlFactory::finishError(Object(GuzzleHttp\Handler\CurlHandler), Object(GuzzleHttp\Handler\EasyHandle), Object(GuzzleHttp\Handler\CurlFactory))
 3 VENDORPATH\guzzlehttp\guzzle\src\Handler\CurlHandler.php(47): GuzzleHttp\Handler\CurlFactory::finish(Object(GuzzleHttp\Handler\CurlHandler), Object(GuzzleHttp\Handler\EasyHandle), Object(GuzzleHttp\Handler\CurlFactory))
 4 VENDORPATH\guzzlehttp\guzzle\src\Handler\Proxy.php(28): GuzzleHttp\Handler\CurlHandler->__invoke(Object(GuzzleHttp\Psr7\Request), [...])
 5 VENDORPATH\guzzlehttp\guzzle\src\Handler\Proxy.php(48): GuzzleHttp\Handler\Proxy::GuzzleHttp\Handler\{closure}(Object(GuzzleHttp\Psr7\Request), [...])
 6 VENDORPATH\guzzlehttp\guzzle\src\PrepareBodyMiddleware.php(35): GuzzleHttp\Handler\Proxy::GuzzleHttp\Handler\{closure}(Object(GuzzleHttp\Psr7\Request), [...])
 7 VENDORPATH\guzzlehttp\guzzle\src\Middleware.php(31): GuzzleHttp\PrepareBodyMiddleware->__invoke(Object(GuzzleHttp\Psr7\Request), [...])
 8 VENDORPATH\guzzlehttp\guzzle\src\RedirectMiddleware.php(71): GuzzleHttp\Middleware::GuzzleHttp\{closure}(Object(GuzzleHttp\Psr7\Request), [...])
 9 VENDORPATH\guzzlehttp\guzzle\src\Middleware.php(66): GuzzleHttp\RedirectMiddleware->__invoke(Object(GuzzleHttp\Psr7\Request), [...])
10 VENDORPATH\guzzlehttp\guzzle\src\HandlerStack.php(75): GuzzleHttp\Middleware::GuzzleHttp\{closure}(Object(GuzzleHttp\Psr7\Request), [...])
11 VENDORPATH\guzzlehttp\guzzle\src\Client.php(333): GuzzleHttp\HandlerStack->__invoke(Object(GuzzleHttp\Psr7\Request), [...])
12 VENDORPATH\guzzlehttp\guzzle\src\Client.php(169): GuzzleHttp\Client->transfer(Object(GuzzleHttp\Psr7\Request), [...])
13 VENDORPATH\guzzlehttp\guzzle\src\Client.php(189): GuzzleHttp\Client->requestAsync('GET', Object(GuzzleHttp\Psr7\Uri), [...])
14 VENDORPATH\guzzlehttp\guzzle\src\ClientTrait.php(44): GuzzleHttp\Client->request('GET', '', [...])
15 APPPATH\Controllers\Movie.php(23): GuzzleHttp\Client->get('', [...])
16 SYSTEMPATH\CodeIgniter.php(941): App\Controllers\Movie->index()
17 SYSTEMPATH\CodeIgniter.php(502): CodeIgniter\CodeIgniter->runController(Object(App\Controllers\Movie))
18 SYSTEMPATH\CodeIgniter.php(361): CodeIgniter\CodeIgniter->handleRequest(null, Object(Config\Cache), false)
19 FCPATH\index.php(79): CodeIgniter\CodeIgniter->run()
20 SYSTEMPATH\Commands\Server\rewrite.php(47): require_once('D:\\xampp\\htdocs\\rest-api\\public\\index.php')
CRITICAL - 2024-01-24 06:17:09 --> GuzzleHttp\Exception\ConnectException: cURL error 6: Could not resolve host: www.omdbapi.com (see https://curl.haxx.se/libcurl/c/libcurl-errors.html) for http://www.omdbapi.com/?apikey=d41f8c1b
in VENDORPATH\guzzlehttp\guzzle\src\Handler\CurlFactory.php on line 210.
 1 VENDORPATH\guzzlehttp\guzzle\src\Handler\CurlFactory.php(158): GuzzleHttp\Handler\CurlFactory::createRejection(Object(GuzzleHttp\Handler\EasyHandle), [...])
 2 VENDORPATH\guzzlehttp\guzzle\src\Handler\CurlFactory.php(110): GuzzleHttp\Handler\CurlFactory::finishError(Object(GuzzleHttp\Handler\CurlHandler), Object(GuzzleHttp\Handler\EasyHandle), Object(GuzzleHttp\Handler\CurlFactory))
 3 VENDORPATH\guzzlehttp\guzzle\src\Handler\CurlHandler.php(47): GuzzleHttp\Handler\CurlFactory::finish(Object(GuzzleHttp\Handler\CurlHandler), Object(GuzzleHttp\Handler\EasyHandle), Object(GuzzleHttp\Handler\CurlFactory))
 4 VENDORPATH\guzzlehttp\guzzle\src\Handler\Proxy.php(28): GuzzleHttp\Handler\CurlHandler->__invoke(Object(GuzzleHttp\Psr7\Request), [...])
 5 VENDORPATH\guzzlehttp\guzzle\src\Handler\Proxy.php(48): GuzzleHttp\Handler\Proxy::GuzzleHttp\Handler\{closure}(Object(GuzzleHttp\Psr7\Request), [...])
 6 VENDORPATH\guzzlehttp\guzzle\src\PrepareBodyMiddleware.php(35): GuzzleHttp\Handler\Proxy::GuzzleHttp\Handler\{closure}(Object(GuzzleHttp\Psr7\Request), [...])
 7 VENDORPATH\guzzlehttp\guzzle\src\Middleware.php(31): GuzzleHttp\PrepareBodyMiddleware->__invoke(Object(GuzzleHttp\Psr7\Request), [...])
 8 VENDORPATH\guzzlehttp\guzzle\src\RedirectMiddleware.php(71): GuzzleHttp\Middleware::GuzzleHttp\{closure}(Object(GuzzleHttp\Psr7\Request), [...])
 9 VENDORPATH\guzzlehttp\guzzle\src\Middleware.php(66): GuzzleHttp\RedirectMiddleware->__invoke(Object(GuzzleHttp\Psr7\Request), [...])
10 VENDORPATH\guzzlehttp\guzzle\src\HandlerStack.php(75): GuzzleHttp\Middleware::GuzzleHttp\{closure}(Object(GuzzleHttp\Psr7\Request), [...])
11 VENDORPATH\guzzlehttp\guzzle\src\Client.php(333): GuzzleHttp\HandlerStack->__invoke(Object(GuzzleHttp\Psr7\Request), [...])
12 VENDORPATH\guzzlehttp\guzzle\src\Client.php(169): GuzzleHttp\Client->transfer(Object(GuzzleHttp\Psr7\Request), [...])
13 VENDORPATH\guzzlehttp\guzzle\src\Client.php(189): GuzzleHttp\Client->requestAsync('GET', Object(GuzzleHttp\Psr7\Uri), [...])
14 VENDORPATH\guzzlehttp\guzzle\src\ClientTrait.php(44): GuzzleHttp\Client->request('GET', '', [...])
15 APPPATH\Controllers\Movie.php(23): GuzzleHttp\Client->get('', [...])
16 SYSTEMPATH\CodeIgniter.php(941): App\Controllers\Movie->index()
17 SYSTEMPATH\CodeIgniter.php(502): CodeIgniter\CodeIgniter->runController(Object(App\Controllers\Movie))
18 SYSTEMPATH\CodeIgniter.php(361): CodeIgniter\CodeIgniter->handleRequest(null, Object(Config\Cache), false)
19 FCPATH\index.php(79): CodeIgniter\CodeIgniter->run()
20 SYSTEMPATH\Commands\Server\rewrite.php(47): require_once('D:\\xampp\\htdocs\\rest-api\\public\\index.php')
CRITICAL - 2024-01-24 10:31:00 --> CodeIgniter\Encryption\Exceptions\EncryptionException: Encrypter needs a starter key.
in SYSTEMPATH\Encryption\Encryption.php on line 126.
 1 SYSTEMPATH\Encryption\Encryption.php(126): CodeIgniter\Encryption\Exceptions\EncryptionException::forNeedsStarterKey()
 2 SYSTEMPATH\Config\Services.php(252): CodeIgniter\Encryption\Encryption->initialize(Object(Config\Encryption))
 3 SYSTEMPATH\Config\BaseService.php(258): CodeIgniter\Config\Services::encrypter()
 4 APPPATH\Controllers\Login.php(16): CodeIgniter\Config\BaseService::__callStatic('encrypter', [])
 5 SYSTEMPATH\CodeIgniter.php(913): App\Controllers\Login->__construct()
 6 SYSTEMPATH\CodeIgniter.php(493): CodeIgniter\CodeIgniter->createController()
 7 SYSTEMPATH\CodeIgniter.php(361): CodeIgniter\CodeIgniter->handleRequest(null, Object(Config\Cache), false)
 8 FCPATH\index.php(79): CodeIgniter\CodeIgniter->run()
 9 SYSTEMPATH\Commands\Server\rewrite.php(47): require_once('D:\\xampp\\htdocs\\spamassage\\public\\index.php')
CRITICAL - 2024-01-24 10:52:07 --> CodeIgniter\Encryption\Exceptions\EncryptionException: Encrypter needs a starter key.
in SYSTEMPATH\Encryption\Encryption.php on line 126.
 1 SYSTEMPATH\Encryption\Encryption.php(126): CodeIgniter\Encryption\Exceptions\EncryptionException::forNeedsStarterKey()
 2 SYSTEMPATH\Config\Services.php(252): CodeIgniter\Encryption\Encryption->initialize(Object(Config\Encryption))
 3 SYSTEMPATH\Config\BaseService.php(258): CodeIgniter\Config\Services::encrypter()
 4 APPPATH\Controllers\Login.php(16): CodeIgniter\Config\BaseService::__callStatic('encrypter', [])
 5 SYSTEMPATH\CodeIgniter.php(913): App\Controllers\Login->__construct()
 6 SYSTEMPATH\CodeIgniter.php(493): CodeIgniter\CodeIgniter->createController()
 7 SYSTEMPATH\CodeIgniter.php(361): CodeIgniter\CodeIgniter->handleRequest(null, Object(Config\Cache), false)
 8 FCPATH\index.php(79): CodeIgniter\CodeIgniter->run()
 9 SYSTEMPATH\Commands\Server\rewrite.php(47): require_once('D:\\xampp\\htdocs\\spamassage\\public\\index.php')
INFO - 2024-01-24 10:54:49 --> Session: Class initialized using 'CodeIgniter\Session\Handlers\FileHandler' driver.
INFO - 2024-01-24 10:55:18 --> Session: Class initialized using 'CodeIgniter\Session\Handlers\FileHandler' driver.
INFO - 2024-01-24 10:55:40 --> Session: Class initialized using 'CodeIgniter\Session\Handlers\FileHandler' driver.
INFO - 2024-01-24 10:57:11 --> Session: Class initialized using 'CodeIgniter\Session\Handlers\FileHandler' driver.
INFO - 2024-01-24 11:01:23 --> Session: Class initialized using 'CodeIgniter\Session\Handlers\FileHandler' driver.
INFO - 2024-01-24 11:01:38 --> Session: Class initialized using 'CodeIgniter\Session\Handlers\FileHandler' driver.
INFO - 2024-01-24 11:02:51 --> Session: Class initialized using 'CodeIgniter\Session\Handlers\FileHandler' driver.
INFO - 2024-01-24 11:03:01 --> Session: Class initialized using 'CodeIgniter\Session\Handlers\FileHandler' driver.
INFO - 2024-01-24 11:03:16 --> Session: Class initialized using 'CodeIgniter\Session\Handlers\FileHandler' driver.
INFO - 2024-01-24 11:03:33 --> Session: Class initialized using 'CodeIgniter\Session\Handlers\FileHandler' driver.
INFO - 2024-01-24 11:03:41 --> Session: Class initialized using 'CodeIgniter\Session\Handlers\FileHandler' driver.
INFO - 2024-01-24 11:03:51 --> Session: Class initialized using 'CodeIgniter\Session\Handlers\FileHandler' driver.
INFO - 2024-01-24 11:04:13 --> Session: Class initialized using 'CodeIgniter\Session\Handlers\FileHandler' driver.
INFO - 2024-01-24 11:04:32 --> Session: Class initialized using 'CodeIgniter\Session\Handlers\FileHandler' driver.
INFO - 2024-01-24 11:05:17 --> Session: Class initialized using 'CodeIgniter\Session\Handlers\FileHandler' driver.
INFO - 2024-01-24 11:07:01 --> Session: Class initialized using 'CodeIgniter\Session\Handlers\FileHandler' driver.
INFO - 2024-01-24 11:07:30 --> Session: Class initialized using 'CodeIgniter\Session\Handlers\FileHandler' driver.
INFO - 2024-01-24 11:10:26 --> Session: Class initialized using 'CodeIgniter\Session\Handlers\FileHandler' driver.
INFO - 2024-01-24 11:10:36 --> Session: Class initialized using 'CodeIgniter\Session\Handlers\FileHandler' driver.
INFO - 2024-01-24 11:18:32 --> Session: Class initialized using 'CodeIgniter\Session\Handlers\FileHandler' driver.
INFO - 2024-01-24 11:19:02 --> Session: Class initialized using 'CodeIgniter\Session\Handlers\FileHandler' driver.
INFO - 2024-01-24 11:19:25 --> Session: Class initialized using 'CodeIgniter\Session\Handlers\FileHandler' driver.
INFO - 2024-01-24 11:19:35 --> Session: Class initialized using 'CodeIgniter\Session\Handlers\FileHandler' driver.
INFO - 2024-01-24 11:24:35 --> Session: Class initialized using 'CodeIgniter\Session\Handlers\FileHandler' driver.
INFO - 2024-01-24 11:33:42 --> Session: Class initialized using 'CodeIgniter\Session\Handlers\FileHandler' driver.
INFO - 2024-01-24 11:33:47 --> Session: Class initialized using 'CodeIgniter\Session\Handlers\FileHandler' driver.
INFO - 2024-01-24 11:33:56 --> Session: Class initialized using 'CodeIgniter\Session\Handlers\FileHandler' driver.
INFO - 2024-01-24 11:36:20 --> Session: Class initialized using 'CodeIgniter\Session\Handlers\FileHandler' driver.
INFO - 2024-01-24 11:36:29 --> Session: Class initialized using 'CodeIgniter\Session\Handlers\FileHandler' driver.
INFO - 2024-01-24 11:36:35 --> Session: Class initialized using 'CodeIgniter\Session\Handlers\FileHandler' driver.
INFO - 2024-01-24 11:38:04 --> Session: Class initialized using 'CodeIgniter\Session\Handlers\FileHandler' driver.
INFO - 2024-01-24 11:38:10 --> Session: Class initialized using 'CodeIgniter\Session\Handlers\FileHandler' driver.
INFO - 2024-01-24 11:45:10 --> Session: Class initialized using 'CodeIgniter\Session\Handlers\FileHandler' driver.
INFO - 2024-01-24 11:45:18 --> Session: Class initialized using 'CodeIgniter\Session\Handlers\FileHandler' driver.
INFO - 2024-01-24 11:45:25 --> Session: Class initialized using 'CodeIgniter\Session\Handlers\FileHandler' driver.
INFO - 2024-01-24 11:52:48 --> Session: Class initialized using 'CodeIgniter\Session\Handlers\FileHandler' driver.
INFO - 2024-01-24 11:53:04 --> Session: Class initialized using 'CodeIgniter\Session\Handlers\FileHandler' driver.
INFO - 2024-01-24 11:53:43 --> Session: Class initialized using 'CodeIgniter\Session\Handlers\FileHandler' driver.
INFO - 2024-01-24 11:54:41 --> Session: Class initialized using 'CodeIgniter\Session\Handlers\FileHandler' driver.
INFO - 2024-01-24 11:54:47 --> Session: Class initialized using 'CodeIgniter\Session\Handlers\FileHandler' driver.
